{"/Volumes/Development/Crypto/casperdash-mobile-wallet/src/utils/config/env.testnet.js": {"path":"/Volumes/Development/Crypto/casperdash-mobile-wallet/src/utils/config/env.testnet.js","statementMap":{"0":{"start":{"line":1,"column":0},"end":{"line":7,"column":2}}},"fnMap":{},"branchMap":{},"s":{"0":8},"f":{},"b":{},"_coverageSchema":"1a1c01bbd47fc00a2c39e90264f33305004495a9","hash":"ee50f8ad7d92be06fb0fa5cf843e2fb28cb717f4"}
,"/Volumes/Development/Crypto/casperdash-mobile-wallet/src/utils/config/index.js": {"path":"/Volumes/Development/Crypto/casperdash-mobile-wallet/src/utils/config/index.js","statementMap":{"0":{"start":{"line":1,"column":0},"end":{"line":1,"column":79}}},"fnMap":{},"branchMap":{"0":{"loc":{"start":{"line":1,"column":17},"end":{"line":1,"column":78}},"type":"cond-expr","locations":[{"start":{"line":1,"column":27},"end":{"line":1,"column":51}},{"start":{"line":1,"column":54},"end":{"line":1,"column":78}}],"line":1}},"s":{"0":8},"f":{},"b":{"0":[8,0]},"_coverageSchema":"1a1c01bbd47fc00a2c39e90264f33305004495a9","hash":"21f1fcaf74369580ae66aa442bfed3fe5999b57b"}
,"/Volumes/Development/Crypto/casperdash-mobile-wallet/src/utils/constants/key.js": {"path":"/Volumes/Development/Crypto/casperdash-mobile-wallet/src/utils/constants/key.js","statementMap":{"0":{"start":{"line":3,"column":30},"end":{"line":3,"column":42}},"1":{"start":{"line":4,"column":25},"end":{"line":4,"column":35}},"2":{"start":{"line":5,"column":33},"end":{"line":5,"column":36}},"3":{"start":{"line":6,"column":41},"end":{"line":6,"column":44}},"4":{"start":{"line":7,"column":43},"end":{"line":7,"column":50}},"5":{"start":{"line":8,"column":34},"end":{"line":8,"column":35}},"6":{"start":{"line":9,"column":28},"end":{"line":9,"column":41}},"7":{"start":{"line":10,"column":33},"end":{"line":10,"column":36}},"8":{"start":{"line":11,"column":26},"end":{"line":11,"column":61}},"9":{"start":{"line":12,"column":28},"end":{"line":12,"column":51}},"10":{"start":{"line":13,"column":29},"end":{"line":13,"column":36}},"11":{"start":{"line":14,"column":36},"end":{"line":14,"column":46}},"12":{"start":{"line":15,"column":38},"end":{"line":15,"column":50}},"13":{"start":{"line":16,"column":29},"end":{"line":16,"column":35}},"14":{"start":{"line":17,"column":27},"end":{"line":17,"column":43}},"15":{"start":{"line":18,"column":31},"end":{"line":18,"column":49}},"16":{"start":{"line":19,"column":30},"end":{"line":19,"column":54}},"17":{"start":{"line":20,"column":27},"end":{"line":20,"column":50}},"18":{"start":{"line":21,"column":28},"end":{"line":21,"column":52}},"19":{"start":{"line":22,"column":28},"end":{"line":22,"column":52}},"20":{"start":{"line":23,"column":28},"end":{"line":23,"column":52}}},"fnMap":{},"branchMap":{},"s":{"0":8,"1":8,"2":8,"3":8,"4":8,"5":8,"6":8,"7":8,"8":8,"9":8,"10":8,"11":8,"12":8,"13":8,"14":8,"15":8,"16":8,"17":8,"18":8,"19":8,"20":8},"f":{},"b":{},"_coverageSchema":"1a1c01bbd47fc00a2c39e90264f33305004495a9","hash":"21082795f66ceef91b6c182eb2bf2d129d54a7af"}
,"/Volumes/Development/Crypto/casperdash-mobile-wallet/src/utils/constants/ledger.js": {"path":"/Volumes/Development/Crypto/casperdash-mobile-wallet/src/utils/constants/ledger.js","statementMap":{"0":{"start":{"line":1,"column":25},"end":{"line":1,"column":29}},"1":{"start":{"line":2,"column":28},"end":{"line":2,"column":29}},"2":{"start":{"line":4,"column":2},"end":{"line":4,"column":64}},"3":{"start":{"line":6,"column":2},"end":{"line":6,"column":66}}},"fnMap":{},"branchMap":{},"s":{"0":1,"1":1,"2":1,"3":1},"f":{},"b":{},"_coverageSchema":"1a1c01bbd47fc00a2c39e90264f33305004495a9","hash":"2ab89487089191dd9a161ea803e91e9ebac3f57c"}
,"/Volumes/Development/Crypto/casperdash-mobile-wallet/src/utils/constants/nft.js": {"path":"/Volumes/Development/Crypto/casperdash-mobile-wallet/src/utils/constants/nft.js","statementMap":{"0":{"start":{"line":1,"column":39},"end":{"line":1,"column":40}}},"fnMap":{},"branchMap":{},"s":{"0":1},"f":{},"b":{},"_coverageSchema":"1a1c01bbd47fc00a2c39e90264f33305004495a9","hash":"a84adc2770203ee062a174952ea5eec36aa98de6"}
,"/Volumes/Development/Crypto/casperdash-mobile-wallet/src/utils/constants/stack.js": {"path":"/Volumes/Development/Crypto/casperdash-mobile-wallet/src/utils/constants/stack.js","statementMap":{"0":{"start":{"line":3,"column":30},"end":{"line":5,"column":1}}},"fnMap":{},"branchMap":{},"s":{"0":1},"f":{},"b":{},"_coverageSchema":"1a1c01bbd47fc00a2c39e90264f33305004495a9","hash":"850cdef76c90b670fdd732362f4029c514a92787"}
,"/Volumes/Development/Crypto/casperdash-mobile-wallet/src/utils/helpers/balance.js": {"path":"/Volumes/Development/Crypto/casperdash-mobile-wallet/src/utils/helpers/balance.js","statementMap":{"0":{"start":{"line":8,"column":37},"end":{"line":11,"column":1}},"1":{"start":{"line":9,"column":18},"end":{"line":9,"column":38}},"2":{"start":{"line":10,"column":2},"end":{"line":10,"column":29}},"3":{"start":{"line":13,"column":26},"end":{"line":15,"column":1}},"4":{"start":{"line":14,"column":2},"end":{"line":14,"column":47}}},"fnMap":{"0":{"name":"(anonymous_0)","decl":{"start":{"line":8,"column":37},"end":{"line":8,"column":38}},"loc":{"start":{"line":8,"column":51},"end":{"line":11,"column":1}},"line":8},"1":{"name":"(anonymous_1)","decl":{"start":{"line":13,"column":26},"end":{"line":13,"column":27}},"loc":{"start":{"line":13,"column":43},"end":{"line":15,"column":1}},"line":13}},"branchMap":{},"s":{"0":1,"1":2,"2":2,"3":1,"4":2},"f":{"0":2,"1":2},"b":{},"_coverageSchema":"1a1c01bbd47fc00a2c39e90264f33305004495a9","hash":"de442396b9e627c29dd1d83b17a9b6aea7257866"}
,"/Volumes/Development/Crypto/casperdash-mobile-wallet/src/utils/helpers/currency.js": {"path":"/Volumes/Development/Crypto/casperdash-mobile-wallet/src/utils/helpers/currency.js","statementMap":{"0":{"start":{"line":16,"column":23},"end":{"line":26,"column":1}},"1":{"start":{"line":17,"column":2},"end":{"line":25,"column":3}},"2":{"start":{"line":18,"column":22},"end":{"line":21,"column":17}},"3":{"start":{"line":22,"column":4},"end":{"line":22,"column":37}},"4":{"start":{"line":24,"column":4},"end":{"line":24,"column":15}},"5":{"start":{"line":34,"column":22},"end":{"line":44,"column":1}},"6":{"start":{"line":35,"column":2},"end":{"line":43,"column":3}},"7":{"start":{"line":36,"column":22},"end":{"line":39,"column":17}},"8":{"start":{"line":40,"column":4},"end":{"line":40,"column":37}},"9":{"start":{"line":42,"column":4},"end":{"line":42,"column":15}}},"fnMap":{"0":{"name":"(anonymous_0)","decl":{"start":{"line":16,"column":23},"end":{"line":16,"column":24}},"loc":{"start":{"line":16,"column":33},"end":{"line":26,"column":1}},"line":16},"1":{"name":"(anonymous_1)","decl":{"start":{"line":34,"column":22},"end":{"line":34,"column":23}},"loc":{"start":{"line":34,"column":32},"end":{"line":44,"column":1}},"line":34}},"branchMap":{},"s":{"0":3,"1":8,"2":8,"3":6,"4":2,"5":3,"6":2,"7":2,"8":1,"9":1},"f":{"0":8,"1":2},"b":{},"_coverageSchema":"1a1c01bbd47fc00a2c39e90264f33305004495a9","hash":"aa0d4916e7443f5018b9dc6d67fe6bc6a2360170"}
,"/Volumes/Development/Crypto/casperdash-mobile-wallet/src/utils/helpers/format.js": {"path":"/Volumes/Development/Crypto/casperdash-mobile-wallet/src/utils/helpers/format.js","statementMap":{"0":{"start":{"line":11,"column":33},"end":{"line":21,"column":1}},"1":{"start":{"line":16,"column":17},"end":{"line":19,"column":4}},"2":{"start":{"line":20,"column":2},"end":{"line":20,"column":35}},"3":{"start":{"line":30,"column":35},"end":{"line":42,"column":1}},"4":{"start":{"line":35,"column":21},"end":{"line":38,"column":3}},"5":{"start":{"line":39,"column":2},"end":{"line":41,"column":4}},"6":{"start":{"line":51,"column":31},"end":{"line":62,"column":1}},"7":{"start":{"line":56,"column":13},"end":{"line":56,"column":33}},"8":{"start":{"line":58,"column":2},"end":{"line":60,"column":3}},"9":{"start":{"line":59,"column":4},"end":{"line":59,"column":22}},"10":{"start":{"line":61,"column":2},"end":{"line":61,"column":64}},"11":{"start":{"line":68,"column":26},"end":{"line":70,"column":1}},"12":{"start":{"line":69,"column":2},"end":{"line":69,"column":62}},"13":{"start":{"line":77,"column":28},"end":{"line":93,"column":1}},"14":{"start":{"line":78,"column":2},"end":{"line":80,"column":3}},"15":{"start":{"line":79,"column":4},"end":{"line":79,"column":22}},"16":{"start":{"line":81,"column":2},"end":{"line":92,"column":3}},"17":{"start":{"line":82,"column":4},"end":{"line":82,"column":15}},"18":{"start":{"line":83,"column":9},"end":{"line":92,"column":3}},"19":{"start":{"line":84,"column":4},"end":{"line":84,"column":44}},"20":{"start":{"line":85,"column":9},"end":{"line":92,"column":3}},"21":{"start":{"line":86,"column":18},"end":{"line":86,"column":39}},"22":{"start":{"line":87,"column":4},"end":{"line":89,"column":5}},"23":{"start":{"line":88,"column":6},"end":{"line":88,"column":16}},"24":{"start":{"line":90,"column":18},"end":{"line":90,"column":29}},"25":{"start":{"line":91,"column":4},"end":{"line":91,"column":35}},"26":{"start":{"line":100,"column":38},"end":{"line":102,"column":1}},"27":{"start":{"line":101,"column":2},"end":{"line":101,"column":54}},"28":{"start":{"line":104,"column":32},"end":{"line":125,"column":1}},"29":{"start":{"line":105,"column":39},"end":{"line":105,"column":46}},"30":{"start":{"line":106,"column":2},"end":{"line":124,"column":3}},"31":{"start":{"line":108,"column":6},"end":{"line":108,"column":55}},"32":{"start":{"line":110,"column":6},"end":{"line":110,"column":53}},"33":{"start":{"line":112,"column":6},"end":{"line":112,"column":51}},"34":{"start":{"line":114,"column":6},"end":{"line":114,"column":52}},"35":{"start":{"line":117,"column":6},"end":{"line":121,"column":9}},"36":{"start":{"line":123,"column":6},"end":{"line":123,"column":19}},"37":{"start":{"line":127,"column":29},"end":{"line":142,"column":1}},"38":{"start":{"line":128,"column":2},"end":{"line":140,"column":3}},"39":{"start":{"line":129,"column":4},"end":{"line":129,"column":28}},"40":{"start":{"line":130,"column":4},"end":{"line":130,"column":65}},"41":{"start":{"line":131,"column":4},"end":{"line":131,"column":53}},"42":{"start":{"line":132,"column":4},"end":{"line":132,"column":41}},"43":{"start":{"line":133,"column":4},"end":{"line":133,"column":65}},"44":{"start":{"line":134,"column":4},"end":{"line":134,"column":53}},"45":{"start":{"line":135,"column":4},"end":{"line":135,"column":41}},"46":{"start":{"line":136,"column":4},"end":{"line":136,"column":33}},"47":{"start":{"line":137,"column":4},"end":{"line":137,"column":65}},"48":{"start":{"line":138,"column":4},"end":{"line":138,"column":51}},"49":{"start":{"line":139,"column":4},"end":{"line":139,"column":54}},"50":{"start":{"line":141,"column":2},"end":{"line":141,"column":13}}},"fnMap":{"0":{"name":"(anonymous_0)","decl":{"start":{"line":11,"column":33},"end":{"line":11,"column":34}},"loc":{"start":{"line":15,"column":5},"end":{"line":21,"column":1}},"line":15},"1":{"name":"(anonymous_1)","decl":{"start":{"line":30,"column":35},"end":{"line":30,"column":36}},"loc":{"start":{"line":34,"column":5},"end":{"line":42,"column":1}},"line":34},"2":{"name":"(anonymous_2)","decl":{"start":{"line":51,"column":31},"end":{"line":51,"column":32}},"loc":{"start":{"line":55,"column":5},"end":{"line":62,"column":1}},"line":55},"3":{"name":"(anonymous_3)","decl":{"start":{"line":68,"column":26},"end":{"line":68,"column":27}},"loc":{"start":{"line":68,"column":35},"end":{"line":70,"column":1}},"line":68},"4":{"name":"(anonymous_4)","decl":{"start":{"line":77,"column":28},"end":{"line":77,"column":29}},"loc":{"start":{"line":77,"column":49},"end":{"line":93,"column":1}},"line":77},"5":{"name":"(anonymous_5)","decl":{"start":{"line":100,"column":38},"end":{"line":100,"column":39}},"loc":{"start":{"line":100,"column":57},"end":{"line":102,"column":1}},"line":100},"6":{"name":"(anonymous_6)","decl":{"start":{"line":104,"column":32},"end":{"line":104,"column":33}},"loc":{"start":{"line":104,"column":52},"end":{"line":125,"column":1}},"line":104},"7":{"name":"(anonymous_7)","decl":{"start":{"line":127,"column":29},"end":{"line":127,"column":30}},"loc":{"start":{"line":127,"column":36},"end":{"line":142,"column":1}},"line":127}},"branchMap":{"0":{"loc":{"start":{"line":12,"column":2},"end":{"line":12,"column":9}},"type":"default-arg","locations":[{"start":{"line":12,"column":8},"end":{"line":12,"column":9}}],"line":12},"1":{"loc":{"start":{"line":13,"column":2},"end":{"line":13,"column":14}},"type":"default-arg","locations":[{"start":{"line":13,"column":12},"end":{"line":13,"column":14}}],"line":13},"2":{"loc":{"start":{"line":14,"column":2},"end":{"line":14,"column":32}},"type":"default-arg","locations":[{"start":{"line":14,"column":12},"end":{"line":14,"column":32}}],"line":14},"3":{"loc":{"start":{"line":20,"column":9},"end":{"line":20,"column":34}},"type":"binary-expr","locations":[{"start":{"line":20,"column":9},"end":{"line":20,"column":27}},{"start":{"line":20,"column":31},"end":{"line":20,"column":34}}],"line":20},"4":{"loc":{"start":{"line":31,"column":2},"end":{"line":31,"column":9}},"type":"default-arg","locations":[{"start":{"line":31,"column":8},"end":{"line":31,"column":9}}],"line":31},"5":{"loc":{"start":{"line":32,"column":2},"end":{"line":32,"column":14}},"type":"default-arg","locations":[{"start":{"line":32,"column":12},"end":{"line":32,"column":14}}],"line":32},"6":{"loc":{"start":{"line":33,"column":2},"end":{"line":33,"column":32}},"type":"default-arg","locations":[{"start":{"line":33,"column":12},"end":{"line":33,"column":32}}],"line":33},"7":{"loc":{"start":{"line":53,"column":2},"end":{"line":53,"column":70}},"type":"default-arg","locations":[{"start":{"line":53,"column":12},"end":{"line":53,"column":70}}],"line":53},"8":{"loc":{"start":{"line":54,"column":2},"end":{"line":54,"column":32}},"type":"default-arg","locations":[{"start":{"line":54,"column":12},"end":{"line":54,"column":32}}],"line":54},"9":{"loc":{"start":{"line":58,"column":2},"end":{"line":60,"column":3}},"type":"if","locations":[{"start":{"line":58,"column":2},"end":{"line":60,"column":3}},{"start":{},"end":{}}],"line":58},"10":{"loc":{"start":{"line":69,"column":9},"end":{"line":69,"column":61}},"type":"cond-expr","locations":[{"start":{"line":69,"column":50},"end":{"line":69,"column":53}},{"start":{"line":69,"column":56},"end":{"line":69,"column":61}}],"line":69},"11":{"loc":{"start":{"line":69,"column":9},"end":{"line":69,"column":47}},"type":"binary-expr","locations":[{"start":{"line":69,"column":9},"end":{"line":69,"column":28}},{"start":{"line":69,"column":32},"end":{"line":69,"column":47}}],"line":69},"12":{"loc":{"start":{"line":78,"column":2},"end":{"line":80,"column":3}},"type":"if","locations":[{"start":{"line":78,"column":2},"end":{"line":80,"column":3}},{"start":{},"end":{}}],"line":78},"13":{"loc":{"start":{"line":81,"column":2},"end":{"line":92,"column":3}},"type":"if","locations":[{"start":{"line":81,"column":2},"end":{"line":92,"column":3}},{"start":{"line":83,"column":9},"end":{"line":92,"column":3}}],"line":81},"14":{"loc":{"start":{"line":83,"column":9},"end":{"line":92,"column":3}},"type":"if","locations":[{"start":{"line":83,"column":9},"end":{"line":92,"column":3}},{"start":{"line":85,"column":9},"end":{"line":92,"column":3}}],"line":83},"15":{"loc":{"start":{"line":85,"column":9},"end":{"line":92,"column":3}},"type":"if","locations":[{"start":{"line":85,"column":9},"end":{"line":92,"column":3}},{"start":{},"end":{}}],"line":85},"16":{"loc":{"start":{"line":87,"column":4},"end":{"line":89,"column":5}},"type":"if","locations":[{"start":{"line":87,"column":4},"end":{"line":89,"column":5}},{"start":{},"end":{}}],"line":87},"17":{"loc":{"start":{"line":106,"column":2},"end":{"line":124,"column":3}},"type":"switch","locations":[{"start":{"line":107,"column":4},"end":{"line":108,"column":55}},{"start":{"line":109,"column":4},"end":{"line":110,"column":53}},{"start":{"line":111,"column":4},"end":{"line":112,"column":51}},{"start":{"line":113,"column":4},"end":{"line":114,"column":52}},{"start":{"line":115,"column":4},"end":{"line":121,"column":9}},{"start":{"line":122,"column":4},"end":{"line":123,"column":19}}],"line":106},"18":{"loc":{"start":{"line":128,"column":2},"end":{"line":140,"column":3}},"type":"if","locations":[{"start":{"line":128,"column":2},"end":{"line":140,"column":3}},{"start":{},"end":{}}],"line":128}},"s":{"0":1,"1":9,"2":9,"3":1,"4":4,"5":4,"6":1,"7":1,"8":1,"9":0,"10":1,"11":1,"12":2,"13":1,"14":10,"15":1,"16":9,"17":2,"18":7,"19":2,"20":5,"21":4,"22":4,"23":2,"24":2,"25":2,"26":1,"27":2,"28":1,"29":5,"30":5,"31":1,"32":1,"33":0,"34":1,"35":1,"36":1,"37":1,"38":0,"39":0,"40":0,"41":0,"42":0,"43":0,"44":0,"45":0,"46":0,"47":0,"48":0,"49":0,"50":0},"f":{"0":9,"1":4,"2":1,"3":2,"4":10,"5":2,"6":5,"7":0},"b":{"0":[0],"1":[4],"2":[9],"3":[9,0],"4":[0],"5":[1],"6":[4],"7":[1],"8":[0],"9":[0,1],"10":[1,1],"11":[2,1],"12":[1,9],"13":[2,7],"14":[2,5],"15":[4,1],"16":[2,2],"17":[1,1,0,1,1,1],"18":[0,0]},"_coverageSchema":"1a1c01bbd47fc00a2c39e90264f33305004495a9","hash":"05f6749cf76e2402b522a4f8ae8d4ab17fbd510b"}
,"/Volumes/Development/Crypto/casperdash-mobile-wallet/src/utils/helpers/identicon.js": {"path":"/Volumes/Development/Crypto/casperdash-mobile-wallet/src/utils/helpers/identicon.js","statementMap":{"0":{"start":{"line":3,"column":34},"end":{"line":13,"column":1}},"1":{"start":{"line":4,"column":2},"end":{"line":12,"column":3}},"2":{"start":{"line":5,"column":4},"end":{"line":9,"column":20}},"3":{"start":{"line":11,"column":4},"end":{"line":11,"column":43}}},"fnMap":{"0":{"name":"(anonymous_0)","decl":{"start":{"line":3,"column":34},"end":{"line":3,"column":35}},"loc":{"start":{"line":3,"column":59},"end":{"line":13,"column":1}},"line":3}},"branchMap":{"0":{"loc":{"start":{"line":3,"column":42},"end":{"line":3,"column":54}},"type":"default-arg","locations":[{"start":{"line":3,"column":52},"end":{"line":3,"column":54}}],"line":3}},"s":{"0":1,"1":2,"2":2,"3":1},"f":{"0":2},"b":{"0":[2]},"_coverageSchema":"1a1c01bbd47fc00a2c39e90264f33305004495a9","hash":"2b0b9bebef5de49be09a84d780d31afe27e7ae08"}
,"/Volumes/Development/Crypto/casperdash-mobile-wallet/src/utils/helpers/key.js": {"path":"/Volumes/Development/Crypto/casperdash-mobile-wallet/src/utils/helpers/key.js","statementMap":{"0":{"start":{"line":3,"column":25},"end":{"line":5,"column":1}},"1":{"start":{"line":4,"column":27},"end":{"line":4,"column":39}},"2":{"start":{"line":12,"column":33},"end":{"line":14,"column":1}},"3":{"start":{"line":13,"column":2},"end":{"line":13,"column":43}}},"fnMap":{"0":{"name":"(anonymous_0)","decl":{"start":{"line":4,"column":17},"end":{"line":4,"column":18}},"loc":{"start":{"line":4,"column":27},"end":{"line":4,"column":39}},"line":4},"1":{"name":"(anonymous_1)","decl":{"start":{"line":12,"column":33},"end":{"line":12,"column":34}},"loc":{"start":{"line":12,"column":47},"end":{"line":14,"column":1}},"line":12}},"branchMap":{"0":{"loc":{"start":{"line":12,"column":34},"end":{"line":12,"column":42}},"type":"default-arg","locations":[{"start":{"line":12,"column":40},"end":{"line":12,"column":42}}],"line":12}},"s":{"0":1,"1":3,"2":1,"3":3},"f":{"0":3,"1":3},"b":{"0":[0]},"_coverageSchema":"1a1c01bbd47fc00a2c39e90264f33305004495a9","hash":"fdf8868a2a337b8349bba94752036806b86c0486"}
,"/Volumes/Development/Crypto/casperdash-mobile-wallet/src/utils/helpers/validator.js": {"path":"/Volumes/Development/Crypto/casperdash-mobile-wallet/src/utils/helpers/validator.js","statementMap":{"0":{"start":{"line":10,"column":32},"end":{"line":17,"column":1}},"1":{"start":{"line":11,"column":2},"end":{"line":16,"column":3}},"2":{"start":{"line":12,"column":18},"end":{"line":12,"column":48}},"3":{"start":{"line":13,"column":4},"end":{"line":13,"column":32}},"4":{"start":{"line":15,"column":4},"end":{"line":15,"column":17}},"5":{"start":{"line":23,"column":35},"end":{"line":57,"column":1}},"6":{"start":{"line":24,"column":15},"end":{"line":24,"column":17}},"7":{"start":{"line":25,"column":2},"end":{"line":27,"column":3}},"8":{"start":{"line":26,"column":4},"end":{"line":26,"column":36}},"9":{"start":{"line":28,"column":2},"end":{"line":30,"column":3}},"10":{"start":{"line":29,"column":4},"end":{"line":29,"column":29}},"11":{"start":{"line":31,"column":2},"end":{"line":33,"column":3}},"12":{"start":{"line":32,"column":4},"end":{"line":32,"column":30}},"13":{"start":{"line":34,"column":2},"end":{"line":40,"column":3}},"14":{"start":{"line":39,"column":4},"end":{"line":39,"column":38}},"15":{"start":{"line":41,"column":2},"end":{"line":43,"column":3}},"16":{"start":{"line":42,"column":4},"end":{"line":42,"column":42}},"17":{"start":{"line":45,"column":2},"end":{"line":54,"column":5}},"18":{"start":{"line":46,"column":21},"end":{"line":46,"column":40}},"19":{"start":{"line":47,"column":22},"end":{"line":47,"column":37}},"20":{"start":{"line":48,"column":4},"end":{"line":50,"column":5}},"21":{"start":{"line":49,"column":6},"end":{"line":49,"column":44}},"22":{"start":{"line":51,"column":4},"end":{"line":53,"column":5}},"23":{"start":{"line":52,"column":6},"end":{"line":52,"column":45}},"24":{"start":{"line":56,"column":2},"end":{"line":56,"column":16}},"25":{"start":{"line":59,"column":29},"end":{"line":63,"column":1}},"26":{"start":{"line":60,"column":33},"end":{"line":60,"column":77}},"27":{"start":{"line":65,"column":27},"end":{"line":85,"column":1}},"28":{"start":{"line":72,"column":2},"end":{"line":74,"column":3}},"29":{"start":{"line":73,"column":4},"end":{"line":73,"column":66}},"30":{"start":{"line":75,"column":2},"end":{"line":77,"column":3}},"31":{"start":{"line":76,"column":4},"end":{"line":76,"column":56}},"32":{"start":{"line":78,"column":2},"end":{"line":80,"column":3}},"33":{"start":{"line":79,"column":4},"end":{"line":79,"column":33}},"34":{"start":{"line":81,"column":2},"end":{"line":83,"column":3}},"35":{"start":{"line":82,"column":4},"end":{"line":82,"column":33}},"36":{"start":{"line":84,"column":2},"end":{"line":84,"column":12}},"37":{"start":{"line":92,"column":36},"end":{"line":125,"column":1}},"38":{"start":{"line":101,"column":15},"end":{"line":101,"column":17}},"39":{"start":{"line":103,"column":2},"end":{"line":105,"column":3}},"40":{"start":{"line":104,"column":4},"end":{"line":104,"column":35}},"41":{"start":{"line":106,"column":2},"end":{"line":108,"column":3}},"42":{"start":{"line":107,"column":4},"end":{"line":107,"column":42}},"43":{"start":{"line":110,"column":26},"end":{"line":116,"column":4}},"44":{"start":{"line":117,"column":2},"end":{"line":119,"column":3}},"45":{"start":{"line":118,"column":4},"end":{"line":118,"column":40}},"46":{"start":{"line":121,"column":2},"end":{"line":123,"column":3}},"47":{"start":{"line":122,"column":4},"end":{"line":122,"column":52}},"48":{"start":{"line":124,"column":2},"end":{"line":124,"column":16}},"49":{"start":{"line":131,"column":33},"end":{"line":150,"column":1}},"50":{"start":{"line":138,"column":15},"end":{"line":138,"column":17}},"51":{"start":{"line":139,"column":2},"end":{"line":143,"column":3}},"52":{"start":{"line":140,"column":4},"end":{"line":140,"column":69}},"53":{"start":{"line":141,"column":9},"end":{"line":143,"column":3}},"54":{"start":{"line":142,"column":4},"end":{"line":142,"column":60}},"55":{"start":{"line":145,"column":2},"end":{"line":147,"column":3}},"56":{"start":{"line":146,"column":4},"end":{"line":146,"column":105}},"57":{"start":{"line":149,"column":2},"end":{"line":149,"column":16}},"58":{"start":{"line":156,"column":38},"end":{"line":178,"column":1}},"59":{"start":{"line":164,"column":15},"end":{"line":164,"column":17}},"60":{"start":{"line":165,"column":2},"end":{"line":171,"column":3}},"61":{"start":{"line":166,"column":4},"end":{"line":166,"column":69}},"62":{"start":{"line":167,"column":9},"end":{"line":171,"column":3}},"63":{"start":{"line":168,"column":4},"end":{"line":168,"column":66}},"64":{"start":{"line":169,"column":9},"end":{"line":171,"column":3}},"65":{"start":{"line":170,"column":4},"end":{"line":170,"column":60}},"66":{"start":{"line":173,"column":2},"end":{"line":175,"column":3}},"67":{"start":{"line":174,"column":4},"end":{"line":174,"column":105}},"68":{"start":{"line":177,"column":2},"end":{"line":177,"column":16}}},"fnMap":{"0":{"name":"(anonymous_0)","decl":{"start":{"line":10,"column":32},"end":{"line":10,"column":33}},"loc":{"start":{"line":10,"column":45},"end":{"line":17,"column":1}},"line":10},"1":{"name":"(anonymous_1)","decl":{"start":{"line":23,"column":35},"end":{"line":23,"column":36}},"loc":{"start":{"line":23,"column":45},"end":{"line":57,"column":1}},"line":23},"2":{"name":"(anonymous_2)","decl":{"start":{"line":45,"column":52},"end":{"line":45,"column":53}},"loc":{"start":{"line":45,"column":70},"end":{"line":54,"column":3}},"line":45},"3":{"name":"(anonymous_3)","decl":{"start":{"line":60,"column":18},"end":{"line":60,"column":19}},"loc":{"start":{"line":60,"column":33},"end":{"line":60,"column":77}},"line":60},"4":{"name":"(anonymous_4)","decl":{"start":{"line":65,"column":27},"end":{"line":65,"column":28}},"loc":{"start":{"line":71,"column":6},"end":{"line":85,"column":1}},"line":71},"5":{"name":"(anonymous_5)","decl":{"start":{"line":92,"column":36},"end":{"line":92,"column":37}},"loc":{"start":{"line":100,"column":6},"end":{"line":125,"column":1}},"line":100},"6":{"name":"(anonymous_6)","decl":{"start":{"line":131,"column":33},"end":{"line":131,"column":34}},"loc":{"start":{"line":137,"column":6},"end":{"line":150,"column":1}},"line":137},"7":{"name":"(anonymous_7)","decl":{"start":{"line":156,"column":38},"end":{"line":156,"column":39}},"loc":{"start":{"line":163,"column":6},"end":{"line":178,"column":1}},"line":163}},"branchMap":{"0":{"loc":{"start":{"line":13,"column":11},"end":{"line":13,"column":31}},"type":"cond-expr","locations":[{"start":{"line":13,"column":19},"end":{"line":13,"column":23}},{"start":{"line":13,"column":26},"end":{"line":13,"column":31}}],"line":13},"1":{"loc":{"start":{"line":25,"column":2},"end":{"line":27,"column":3}},"type":"if","locations":[{"start":{"line":25,"column":2},"end":{"line":27,"column":3}},{"start":{},"end":{}}],"line":25},"2":{"loc":{"start":{"line":28,"column":2},"end":{"line":30,"column":3}},"type":"if","locations":[{"start":{"line":28,"column":2},"end":{"line":30,"column":3}},{"start":{},"end":{}}],"line":28},"3":{"loc":{"start":{"line":31,"column":2},"end":{"line":33,"column":3}},"type":"if","locations":[{"start":{"line":31,"column":2},"end":{"line":33,"column":3}},{"start":{},"end":{}}],"line":31},"4":{"loc":{"start":{"line":34,"column":2},"end":{"line":40,"column":3}},"type":"if","locations":[{"start":{"line":34,"column":2},"end":{"line":40,"column":3}},{"start":{},"end":{}}],"line":34},"5":{"loc":{"start":{"line":35,"column":4},"end":{"line":37,"column":40}},"type":"binary-expr","locations":[{"start":{"line":35,"column":4},"end":{"line":35,"column":16}},{"start":{"line":36,"column":4},"end":{"line":36,"column":21}},{"start":{"line":37,"column":4},"end":{"line":37,"column":40}}],"line":35},"6":{"loc":{"start":{"line":41,"column":2},"end":{"line":43,"column":3}},"type":"if","locations":[{"start":{"line":41,"column":2},"end":{"line":43,"column":3}},{"start":{},"end":{}}],"line":41},"7":{"loc":{"start":{"line":41,"column":6},"end":{"line":41,"column":61}},"type":"binary-expr","locations":[{"start":{"line":41,"column":6},"end":{"line":41,"column":22}},{"start":{"line":41,"column":26},"end":{"line":41,"column":61}}],"line":41},"8":{"loc":{"start":{"line":48,"column":4},"end":{"line":50,"column":5}},"type":"if","locations":[{"start":{"line":48,"column":4},"end":{"line":50,"column":5}},{"start":{},"end":{}}],"line":48},"9":{"loc":{"start":{"line":48,"column":8},"end":{"line":48,"column":56}},"type":"binary-expr","locations":[{"start":{"line":48,"column":8},"end":{"line":48,"column":24}},{"start":{"line":48,"column":28},"end":{"line":48,"column":56}}],"line":48},"10":{"loc":{"start":{"line":51,"column":4},"end":{"line":53,"column":5}},"type":"if","locations":[{"start":{"line":51,"column":4},"end":{"line":53,"column":5}},{"start":{},"end":{}}],"line":51},"11":{"loc":{"start":{"line":51,"column":8},"end":{"line":51,"column":58}},"type":"binary-expr","locations":[{"start":{"line":51,"column":8},"end":{"line":51,"column":25}},{"start":{"line":51,"column":29},"end":{"line":51,"column":58}}],"line":51},"12":{"loc":{"start":{"line":72,"column":2},"end":{"line":74,"column":3}},"type":"if","locations":[{"start":{"line":72,"column":2},"end":{"line":74,"column":3}},{"start":{},"end":{}}],"line":72},"13":{"loc":{"start":{"line":72,"column":6},"end":{"line":72,"column":41}},"type":"binary-expr","locations":[{"start":{"line":72,"column":6},"end":{"line":72,"column":15}},{"start":{"line":72,"column":19},"end":{"line":72,"column":41}}],"line":72},"14":{"loc":{"start":{"line":75,"column":2},"end":{"line":77,"column":3}},"type":"if","locations":[{"start":{"line":75,"column":2},"end":{"line":77,"column":3}},{"start":{},"end":{}}],"line":75},"15":{"loc":{"start":{"line":78,"column":2},"end":{"line":80,"column":3}},"type":"if","locations":[{"start":{"line":78,"column":2},"end":{"line":80,"column":3}},{"start":{},"end":{}}],"line":78},"16":{"loc":{"start":{"line":81,"column":2},"end":{"line":83,"column":3}},"type":"if","locations":[{"start":{"line":81,"column":2},"end":{"line":83,"column":3}},{"start":{},"end":{}}],"line":81},"17":{"loc":{"start":{"line":81,"column":6},"end":{"line":81,"column":73}},"type":"binary-expr","locations":[{"start":{"line":81,"column":6},"end":{"line":81,"column":28}},{"start":{"line":81,"column":32},"end":{"line":81,"column":73}}],"line":81},"18":{"loc":{"start":{"line":103,"column":2},"end":{"line":105,"column":3}},"type":"if","locations":[{"start":{"line":103,"column":2},"end":{"line":105,"column":3}},{"start":{},"end":{}}],"line":103},"19":{"loc":{"start":{"line":106,"column":2},"end":{"line":108,"column":3}},"type":"if","locations":[{"start":{"line":106,"column":2},"end":{"line":108,"column":3}},{"start":{},"end":{}}],"line":106},"20":{"loc":{"start":{"line":106,"column":6},"end":{"line":106,"column":47}},"type":"binary-expr","locations":[{"start":{"line":106,"column":6},"end":{"line":106,"column":15}},{"start":{"line":106,"column":19},"end":{"line":106,"column":47}}],"line":106},"21":{"loc":{"start":{"line":117,"column":2},"end":{"line":119,"column":3}},"type":"if","locations":[{"start":{"line":117,"column":2},"end":{"line":119,"column":3}},{"start":{},"end":{}}],"line":117},"22":{"loc":{"start":{"line":121,"column":2},"end":{"line":123,"column":3}},"type":"if","locations":[{"start":{"line":121,"column":2},"end":{"line":123,"column":3}},{"start":{},"end":{}}],"line":121},"23":{"loc":{"start":{"line":139,"column":2},"end":{"line":143,"column":3}},"type":"if","locations":[{"start":{"line":139,"column":2},"end":{"line":143,"column":3}},{"start":{"line":141,"column":9},"end":{"line":143,"column":3}}],"line":139},"24":{"loc":{"start":{"line":141,"column":9},"end":{"line":143,"column":3}},"type":"if","locations":[{"start":{"line":141,"column":9},"end":{"line":143,"column":3}},{"start":{},"end":{}}],"line":141},"25":{"loc":{"start":{"line":145,"column":2},"end":{"line":147,"column":3}},"type":"if","locations":[{"start":{"line":145,"column":2},"end":{"line":147,"column":3}},{"start":{},"end":{}}],"line":145},"26":{"loc":{"start":{"line":165,"column":2},"end":{"line":171,"column":3}},"type":"if","locations":[{"start":{"line":165,"column":2},"end":{"line":171,"column":3}},{"start":{"line":167,"column":9},"end":{"line":171,"column":3}}],"line":165},"27":{"loc":{"start":{"line":167,"column":9},"end":{"line":171,"column":3}},"type":"if","locations":[{"start":{"line":167,"column":9},"end":{"line":171,"column":3}},{"start":{"line":169,"column":9},"end":{"line":171,"column":3}}],"line":167},"28":{"loc":{"start":{"line":169,"column":9},"end":{"line":171,"column":3}},"type":"if","locations":[{"start":{"line":169,"column":9},"end":{"line":171,"column":3}},{"start":{},"end":{}}],"line":169},"29":{"loc":{"start":{"line":173,"column":2},"end":{"line":175,"column":3}},"type":"if","locations":[{"start":{"line":173,"column":2},"end":{"line":175,"column":3}},{"start":{},"end":{}}],"line":173}},"s":{"0":1,"1":13,"2":13,"3":9,"4":4,"5":1,"6":5,"7":5,"8":1,"9":5,"10":1,"11":5,"12":1,"13":5,"14":1,"15":5,"16":1,"17":5,"18":25,"19":25,"20":25,"21":1,"22":25,"23":1,"24":5,"25":1,"26":2,"27":1,"28":9,"29":1,"30":8,"31":1,"32":7,"33":1,"34":6,"35":2,"36":4,"37":1,"38":9,"39":9,"40":1,"41":9,"42":1,"43":9,"44":9,"45":5,"46":9,"47":1,"48":9,"49":1,"50":3,"51":3,"52":1,"53":2,"54":1,"55":3,"56":1,"57":3,"58":1,"59":4,"60":4,"61":1,"62":3,"63":1,"64":2,"65":2,"66":4,"67":1,"68":4},"f":{"0":13,"1":5,"2":25,"3":2,"4":9,"5":9,"6":3,"7":4},"b":{"0":[9,0],"1":[1,4],"2":[1,4],"3":[1,4],"4":[1,4],"5":[5,4,3],"6":[1,4],"7":[5,1],"8":[1,24],"9":[25,1],"10":[1,24],"11":[25,1],"12":[1,8],"13":[9,2],"14":[1,7],"15":[1,6],"16":[2,4],"17":[6,2],"18":[1,8],"19":[1,8],"20":[9,8],"21":[5,4],"22":[1,8],"23":[1,2],"24":[1,1],"25":[1,2],"26":[1,3],"27":[1,2],"28":[2,0],"29":[1,3]},"_coverageSchema":"1a1c01bbd47fc00a2c39e90264f33305004495a9","hash":"b38f059cb7b5e7d5a1f71fc8b180671a9de7c1b5"}
,"/Volumes/Development/Crypto/casperdash-mobile-wallet/src/utils/services/casperServices.js": {"path":"/Volumes/Development/Crypto/casperdash-mobile-wallet/src/utils/services/casperServices.js","statementMap":{"0":{"start":{"line":26,"column":35},"end":{"line":42,"column":1}},"1":{"start":{"line":33,"column":23},"end":{"line":33,"column":77}},"2":{"start":{"line":34,"column":25},"end":{"line":39,"column":3}},"3":{"start":{"line":40,"column":18},"end":{"line":40,"column":61}},"4":{"start":{"line":41,"column":2},"end":{"line":41,"column":70}},"5":{"start":{"line":50,"column":42},"end":{"line":54,"column":1}},"6":{"start":{"line":51,"column":23},"end":{"line":51,"column":77}},"7":{"start":{"line":52,"column":18},"end":{"line":52,"column":60}},"8":{"start":{"line":53,"column":2},"end":{"line":53,"column":63}},"9":{"start":{"line":64,"column":40},"end":{"line":76,"column":1}},"10":{"start":{"line":69,"column":20},"end":{"line":69,"column":51}},"11":{"start":{"line":70,"column":23},"end":{"line":74,"column":3}},"12":{"start":{"line":75,"column":2},"end":{"line":75,"column":22}},"13":{"start":{"line":82,"column":38},"end":{"line":84,"column":1}},"14":{"start":{"line":83,"column":2},"end":{"line":83,"column":65}},"15":{"start":{"line":94,"column":40},"end":{"line":119,"column":1}},"16":{"start":{"line":101,"column":34},"end":{"line":101,"column":71}},"17":{"start":{"line":102,"column":23},"end":{"line":107,"column":3}},"18":{"start":{"line":109,"column":4},"end":{"line":116,"column":5}},"19":{"start":{"line":117,"column":18},"end":{"line":117,"column":61}},"20":{"start":{"line":118,"column":2},"end":{"line":118,"column":70}},"21":{"start":{"line":125,"column":35},"end":{"line":131,"column":1}},"22":{"start":{"line":126,"column":2},"end":{"line":130,"column":3}},"23":{"start":{"line":127,"column":4},"end":{"line":127,"column":35}},"24":{"start":{"line":129,"column":4},"end":{"line":129,"column":25}},"25":{"start":{"line":138,"column":23},"end":{"line":147,"column":1}},"26":{"start":{"line":139,"column":16},"end":{"line":142,"column":4}},"27":{"start":{"line":143,"column":2},"end":{"line":145,"column":3}},"28":{"start":{"line":144,"column":4},"end":{"line":144,"column":72}},"29":{"start":{"line":146,"column":2},"end":{"line":146,"column":15}},"30":{"start":{"line":153,"column":39},"end":{"line":154,"column":51}},"31":{"start":{"line":154,"column":2},"end":{"line":154,"column":51}}},"fnMap":{"0":{"name":"(anonymous_0)","decl":{"start":{"line":26,"column":35},"end":{"line":26,"column":36}},"loc":{"start":{"line":32,"column":5},"end":{"line":42,"column":1}},"line":32},"1":{"name":"(anonymous_1)","decl":{"start":{"line":50,"column":42},"end":{"line":50,"column":43}},"loc":{"start":{"line":50,"column":68},"end":{"line":54,"column":1}},"line":50},"2":{"name":"(anonymous_2)","decl":{"start":{"line":64,"column":40},"end":{"line":64,"column":41}},"loc":{"start":{"line":68,"column":5},"end":{"line":76,"column":1}},"line":68},"3":{"name":"(anonymous_3)","decl":{"start":{"line":82,"column":38},"end":{"line":82,"column":39}},"loc":{"start":{"line":82,"column":51},"end":{"line":84,"column":1}},"line":82},"4":{"name":"(anonymous_4)","decl":{"start":{"line":94,"column":40},"end":{"line":94,"column":41}},"loc":{"start":{"line":100,"column":5},"end":{"line":119,"column":1}},"line":100},"5":{"name":"(anonymous_5)","decl":{"start":{"line":125,"column":35},"end":{"line":125,"column":36}},"loc":{"start":{"line":125,"column":41},"end":{"line":131,"column":1}},"line":125},"6":{"name":"(anonymous_6)","decl":{"start":{"line":138,"column":23},"end":{"line":138,"column":24}},"loc":{"start":{"line":138,"column":30},"end":{"line":147,"column":1}},"line":138},"7":{"name":"(anonymous_7)","decl":{"start":{"line":153,"column":39},"end":{"line":153,"column":40}},"loc":{"start":{"line":154,"column":2},"end":{"line":154,"column":51}},"line":154}},"branchMap":{},"s":{"0":1,"1":1,"2":1,"3":1,"4":1,"5":1,"6":1,"7":1,"8":1,"9":1,"10":1,"11":1,"12":1,"13":1,"14":2,"15":1,"16":2,"17":2,"18":2,"19":2,"20":2,"21":1,"22":2,"23":2,"24":1,"25":1,"26":0,"27":0,"28":0,"29":0,"30":1,"31":0},"f":{"0":1,"1":1,"2":1,"3":2,"4":2,"5":2,"6":0,"7":0},"b":{},"_coverageSchema":"1a1c01bbd47fc00a2c39e90264f33305004495a9","hash":"4b1188c33388977955333b534094321342ee79a8"}
,"/Volumes/Development/Crypto/casperdash-mobile-wallet/src/utils/services/ledgerServices.js": {"path":"/Volumes/Development/Crypto/casperdash-mobile-wallet/src/utils/services/ledgerServices.js","statementMap":{"0":{"start":{"line":11,"column":29},"end":{"line":15,"column":1}},"1":{"start":{"line":12,"column":17},"end":{"line":12,"column":50}},"2":{"start":{"line":13,"column":20},"end":{"line":13,"column":64}},"3":{"start":{"line":14,"column":2},"end":{"line":14,"column":60}},"4":{"start":{"line":22,"column":34},"end":{"line":54,"column":1}},"5":{"start":{"line":23,"column":35},"end":{"line":23,"column":56}},"6":{"start":{"line":25,"column":25},"end":{"line":28,"column":3}},"7":{"start":{"line":30,"column":2},"end":{"line":38,"column":3}},"8":{"start":{"line":31,"column":4},"end":{"line":31,"column":22}},"9":{"start":{"line":32,"column":4},"end":{"line":37,"column":6}},"10":{"start":{"line":40,"column":21},"end":{"line":44,"column":3}},"11":{"start":{"line":45,"column":2},"end":{"line":45,"column":57}},"12":{"start":{"line":46,"column":2},"end":{"line":53,"column":3}},"13":{"start":{"line":47,"column":4},"end":{"line":47,"column":21}},"14":{"start":{"line":48,"column":4},"end":{"line":48,"column":22}},"15":{"start":{"line":49,"column":4},"end":{"line":49,"column":53}},"16":{"start":{"line":51,"column":4},"end":{"line":51,"column":22}},"17":{"start":{"line":52,"column":4},"end":{"line":52,"column":57}},"18":{"start":{"line":61,"column":34},"end":{"line":70,"column":1}},"19":{"start":{"line":62,"column":29},"end":{"line":64,"column":3}},"20":{"start":{"line":66,"column":2},"end":{"line":68,"column":3}},"21":{"start":{"line":67,"column":4},"end":{"line":67,"column":39}},"22":{"start":{"line":69,"column":2},"end":{"line":69,"column":52}},"23":{"start":{"line":78,"column":27},"end":{"line":88,"column":1}},"24":{"start":{"line":79,"column":19},"end":{"line":79,"column":21}},"25":{"start":{"line":80,"column":2},"end":{"line":86,"column":3}},"26":{"start":{"line":80,"column":19},"end":{"line":80,"column":20}},"27":{"start":{"line":81,"column":21},"end":{"line":81,"column":38}},"28":{"start":{"line":82,"column":4},"end":{"line":85,"column":7}},"29":{"start":{"line":87,"column":2},"end":{"line":87,"column":20}},"30":{"start":{"line":95,"column":30},"end":{"line":103,"column":1}},"31":{"start":{"line":96,"column":2},"end":{"line":98,"column":3}},"32":{"start":{"line":97,"column":4},"end":{"line":97,"column":33}},"33":{"start":{"line":99,"column":2},"end":{"line":101,"column":3}},"34":{"start":{"line":100,"column":4},"end":{"line":100,"column":32}},"35":{"start":{"line":102,"column":2},"end":{"line":102,"column":23}}},"fnMap":{"0":{"name":"(anonymous_0)","decl":{"start":{"line":11,"column":29},"end":{"line":11,"column":30}},"loc":{"start":{"line":11,"column":41},"end":{"line":15,"column":1}},"line":11},"1":{"name":"(anonymous_1)","decl":{"start":{"line":22,"column":34},"end":{"line":22,"column":35}},"loc":{"start":{"line":22,"column":66},"end":{"line":54,"column":1}},"line":22},"2":{"name":"(anonymous_2)","decl":{"start":{"line":61,"column":34},"end":{"line":61,"column":35}},"loc":{"start":{"line":61,"column":63},"end":{"line":70,"column":1}},"line":61},"3":{"name":"(anonymous_3)","decl":{"start":{"line":78,"column":27},"end":{"line":78,"column":28}},"loc":{"start":{"line":78,"column":74},"end":{"line":88,"column":1}},"line":78},"4":{"name":"(anonymous_4)","decl":{"start":{"line":95,"column":30},"end":{"line":95,"column":31}},"loc":{"start":{"line":95,"column":47},"end":{"line":103,"column":1}},"line":95}},"branchMap":{"0":{"loc":{"start":{"line":13,"column":44},"end":{"line":13,"column":63}},"type":"binary-expr","locations":[{"start":{"line":13,"column":44},"end":{"line":13,"column":50}},{"start":{"line":13,"column":54},"end":{"line":13,"column":63}}],"line":13},"1":{"loc":{"start":{"line":22,"column":49},"end":{"line":22,"column":61}},"type":"default-arg","locations":[{"start":{"line":22,"column":59},"end":{"line":22,"column":61}}],"line":22},"2":{"loc":{"start":{"line":30,"column":2},"end":{"line":38,"column":3}},"type":"if","locations":[{"start":{"line":30,"column":2},"end":{"line":38,"column":3}},{"start":{},"end":{}}],"line":30},"3":{"loc":{"start":{"line":46,"column":2},"end":{"line":53,"column":3}},"type":"if","locations":[{"start":{"line":46,"column":2},"end":{"line":53,"column":3}},{"start":{"line":50,"column":9},"end":{"line":53,"column":3}}],"line":46},"4":{"loc":{"start":{"line":61,"column":46},"end":{"line":61,"column":58}},"type":"default-arg","locations":[{"start":{"line":61,"column":57},"end":{"line":61,"column":58}}],"line":61},"5":{"loc":{"start":{"line":62,"column":10},"end":{"line":62,"column":24}},"type":"default-arg","locations":[{"start":{"line":62,"column":22},"end":{"line":62,"column":24}}],"line":62},"6":{"loc":{"start":{"line":66,"column":2},"end":{"line":68,"column":3}},"type":"if","locations":[{"start":{"line":66,"column":2},"end":{"line":68,"column":3}},{"start":{},"end":{}}],"line":66},"7":{"loc":{"start":{"line":78,"column":39},"end":{"line":78,"column":52}},"type":"default-arg","locations":[{"start":{"line":78,"column":51},"end":{"line":78,"column":52}}],"line":78},"8":{"loc":{"start":{"line":78,"column":54},"end":{"line":78,"column":69}},"type":"default-arg","locations":[{"start":{"line":78,"column":68},"end":{"line":78,"column":69}}],"line":78},"9":{"loc":{"start":{"line":96,"column":2},"end":{"line":98,"column":3}},"type":"if","locations":[{"start":{"line":96,"column":2},"end":{"line":98,"column":3}},{"start":{},"end":{}}],"line":96},"10":{"loc":{"start":{"line":96,"column":6},"end":{"line":96,"column":71}},"type":"binary-expr","locations":[{"start":{"line":96,"column":6},"end":{"line":96,"column":53}},{"start":{"line":96,"column":57},"end":{"line":96,"column":71}}],"line":96},"11":{"loc":{"start":{"line":99,"column":2},"end":{"line":101,"column":3}},"type":"if","locations":[{"start":{"line":99,"column":2},"end":{"line":101,"column":3}},{"start":{},"end":{}}],"line":99}},"s":{"0":1,"1":3,"2":3,"3":3,"4":1,"5":3,"6":3,"7":3,"8":1,"9":1,"10":2,"11":2,"12":2,"13":2,"14":2,"15":2,"16":0,"17":0,"18":1,"19":4,"20":4,"21":1,"22":3,"23":1,"24":1,"25":1,"26":1,"27":2,"28":2,"29":1,"30":1,"31":5,"32":2,"33":3,"34":1,"35":2},"f":{"0":3,"1":3,"2":4,"3":1,"4":5},"b":{"0":[3,0],"1":[0],"2":[1,2],"3":[2,0],"4":[0],"5":[1],"6":[1,3],"7":[0],"8":[0],"9":[2,3],"10":[5,4],"11":[1,2]},"_coverageSchema":"1a1c01bbd47fc00a2c39e90264f33305004495a9","hash":"26e8ee674383b1d6fcff50454b81fd7d93111f1f"}
,"/Volumes/Development/Crypto/casperdash-mobile-wallet/src/utils/services/stakeServices.js": {"path":"/Volumes/Development/Crypto/casperdash-mobile-wallet/src/utils/services/stakeServices.js","statementMap":{"0":{"start":{"line":19,"column":25},"end":{"line":29,"column":1}},"1":{"start":{"line":20,"column":23},"end":{"line":20,"column":77}},"2":{"start":{"line":21,"column":22},"end":{"line":21,"column":47}},"3":{"start":{"line":22,"column":18},"end":{"line":26,"column":3}},"4":{"start":{"line":27,"column":18},"end":{"line":27,"column":59}},"5":{"start":{"line":28,"column":2},"end":{"line":28,"column":63}},"6":{"start":{"line":35,"column":30},"end":{"line":58,"column":1}},"7":{"start":{"line":42,"column":2},"end":{"line":57,"column":3}},"8":{"start":{"line":43,"column":22},"end":{"line":43,"column":54}},"9":{"start":{"line":44,"column":24},"end":{"line":44,"column":54}},"10":{"start":{"line":45,"column":4},"end":{"line":54,"column":6}},"11":{"start":{"line":56,"column":4},"end":{"line":56,"column":51}}},"fnMap":{"0":{"name":"(anonymous_0)","decl":{"start":{"line":19,"column":25},"end":{"line":19,"column":26}},"loc":{"start":{"line":19,"column":75},"end":{"line":29,"column":1}},"line":19},"1":{"name":"(anonymous_1)","decl":{"start":{"line":35,"column":30},"end":{"line":35,"column":31}},"loc":{"start":{"line":41,"column":6},"end":{"line":58,"column":1}},"line":41}},"branchMap":{"0":{"loc":{"start":{"line":40,"column":2},"end":{"line":40,"column":35}},"type":"default-arg","locations":[{"start":{"line":40,"column":15},"end":{"line":40,"column":35}}],"line":40}},"s":{"0":1,"1":1,"2":1,"3":1,"4":1,"5":1,"6":1,"7":2,"8":2,"9":2,"10":2,"11":1},"f":{"0":1,"1":2},"b":{"0":[2]},"_coverageSchema":"1a1c01bbd47fc00a2c39e90264f33305004495a9","hash":"155ed60cea28b7ba834aa92897d31f90fe3500a4"}
,"/Volumes/Development/Crypto/casperdash-mobile-wallet/src/utils/services/tokenServices.js": {"path":"/Volumes/Development/Crypto/casperdash-mobile-wallet/src/utils/services/tokenServices.js","statementMap":{"0":{"start":{"line":9,"column":38},"end":{"line":31,"column":1}},"1":{"start":{"line":10,"column":2},"end":{"line":30,"column":3}},"2":{"start":{"line":17,"column":8},"end":{"line":17,"column":25}},"3":{"start":{"line":18,"column":34},"end":{"line":18,"column":46}},"4":{"start":{"line":19,"column":22},"end":{"line":19,"column":54}},"5":{"start":{"line":20,"column":20},"end":{"line":20,"column":50}},"6":{"start":{"line":21,"column":4},"end":{"line":27,"column":6}},"7":{"start":{"line":29,"column":4},"end":{"line":29,"column":60}}},"fnMap":{"0":{"name":"(anonymous_0)","decl":{"start":{"line":9,"column":38},"end":{"line":9,"column":39}},"loc":{"start":{"line":9,"column":66},"end":{"line":31,"column":1}},"line":9}},"branchMap":{"0":{"loc":{"start":{"line":9,"column":39},"end":{"line":9,"column":61}},"type":"default-arg","locations":[{"start":{"line":9,"column":59},"end":{"line":9,"column":61}}],"line":9},"1":{"loc":{"start":{"line":15,"column":6},"end":{"line":15,"column":23}},"type":"default-arg","locations":[{"start":{"line":15,"column":21},"end":{"line":15,"column":23}}],"line":15}},"s":{"0":1,"1":1,"2":1,"3":1,"4":1,"5":1,"6":1,"7":0},"f":{"0":1},"b":{"0":[0],"1":[0]},"_coverageSchema":"1a1c01bbd47fc00a2c39e90264f33305004495a9","hash":"500fa4cad7bcf3362f521d7151475e73be8b16f9"}
,"/Volumes/Development/Crypto/casperdash-mobile-wallet/src/utils/services/userServices.js": {"path":"/Volumes/Development/Crypto/casperdash-mobile-wallet/src/utils/services/userServices.js","statementMap":{"0":{"start":{"line":10,"column":33},"end":{"line":31,"column":1}},"1":{"start":{"line":11,"column":2},"end":{"line":30,"column":3}},"2":{"start":{"line":18,"column":8},"end":{"line":18,"column":25}},"3":{"start":{"line":19,"column":22},"end":{"line":19,"column":54}},"4":{"start":{"line":20,"column":20},"end":{"line":20,"column":50}},"5":{"start":{"line":21,"column":4},"end":{"line":27,"column":6}},"6":{"start":{"line":29,"column":4},"end":{"line":29,"column":56}}},"fnMap":{"0":{"name":"(anonymous_0)","decl":{"start":{"line":10,"column":33},"end":{"line":10,"column":34}},"loc":{"start":{"line":10,"column":61},"end":{"line":31,"column":1}},"line":10}},"branchMap":{"0":{"loc":{"start":{"line":10,"column":34},"end":{"line":10,"column":56}},"type":"default-arg","locations":[{"start":{"line":10,"column":54},"end":{"line":10,"column":56}}],"line":10},"1":{"loc":{"start":{"line":16,"column":6},"end":{"line":16,"column":20}},"type":"default-arg","locations":[{"start":{"line":16,"column":19},"end":{"line":16,"column":20}}],"line":16}},"s":{"0":1,"1":2,"2":2,"3":2,"4":1,"5":1,"6":1},"f":{"0":2},"b":{"0":[1],"1":[1]},"_coverageSchema":"1a1c01bbd47fc00a2c39e90264f33305004495a9","hash":"a8bc3d569308b6518365ae87140ff2021c06c77f"}
}
