{"/Volumes/Development/Crypto/mobile-wallet-2/casperdash-mobile-wallet/src/utils/config/env.mainnet.js": {"path":"/Volumes/Development/Crypto/mobile-wallet-2/casperdash-mobile-wallet/src/utils/config/env.mainnet.js","statementMap":{"0":{"start":{"line":1,"column":0},"end":{"line":6,"column":2}}},"fnMap":{},"branchMap":{},"s":{"0":8},"f":{},"b":{},"_coverageSchema":"1a1c01bbd47fc00a2c39e90264f33305004495a9","hash":"364b5c20d2af0351f91e9cb5c7264d64fff726c0"}
,"/Volumes/Development/Crypto/mobile-wallet-2/casperdash-mobile-wallet/src/utils/config/index.js": {"path":"/Volumes/Development/Crypto/mobile-wallet-2/casperdash-mobile-wallet/src/utils/config/index.js","statementMap":{"0":{"start":{"line":1,"column":0},"end":{"line":1,"column":42}}},"fnMap":{},"branchMap":{},"s":{"0":8},"f":{},"b":{},"_coverageSchema":"1a1c01bbd47fc00a2c39e90264f33305004495a9","hash":"808c92011944c52588db50315696c6b2fe157f28"}
,"/Volumes/Development/Crypto/mobile-wallet-2/casperdash-mobile-wallet/src/utils/constants/key.ts": {"path":"/Volumes/Development/Crypto/mobile-wallet-2/casperdash-mobile-wallet/src/utils/constants/key.ts","statementMap":{"0":{"start":{"line":3,"column":30},"end":{"line":3,"column":42}},"1":{"start":{"line":4,"column":25},"end":{"line":4,"column":35}},"2":{"start":{"line":5,"column":33},"end":{"line":5,"column":36}},"3":{"start":{"line":6,"column":41},"end":{"line":6,"column":44}},"4":{"start":{"line":7,"column":43},"end":{"line":7,"column":50}},"5":{"start":{"line":8,"column":34},"end":{"line":8,"column":35}},"6":{"start":{"line":9,"column":28},"end":{"line":9,"column":41}},"7":{"start":{"line":10,"column":33},"end":{"line":10,"column":36}},"8":{"start":{"line":11,"column":50},"end":{"line":11,"column":53}},"9":{"start":{"line":12,"column":43},"end":{"line":12,"column":46}},"10":{"start":{"line":13,"column":26},"end":{"line":13,"column":61}},"11":{"start":{"line":14,"column":28},"end":{"line":14,"column":51}},"12":{"start":{"line":15,"column":29},"end":{"line":15,"column":36}},"13":{"start":{"line":16,"column":36},"end":{"line":16,"column":46}},"14":{"start":{"line":17,"column":38},"end":{"line":17,"column":50}},"15":{"start":{"line":18,"column":29},"end":{"line":18,"column":35}},"16":{"start":{"line":19,"column":27},"end":{"line":19,"column":43}},"17":{"start":{"line":20,"column":31},"end":{"line":20,"column":49}},"18":{"start":{"line":21,"column":30},"end":{"line":21,"column":54}},"19":{"start":{"line":22,"column":27},"end":{"line":22,"column":50}},"20":{"start":{"line":23,"column":28},"end":{"line":23,"column":52}},"21":{"start":{"line":24,"column":28},"end":{"line":24,"column":52}},"22":{"start":{"line":25,"column":28},"end":{"line":25,"column":52}},"23":{"start":{"line":26,"column":48},"end":{"line":26,"column":50}},"24":{"start":{"line":27,"column":36},"end":{"line":27,"column":37}},"25":{"start":{"line":28,"column":26},"end":{"line":28,"column":27}}},"fnMap":{},"branchMap":{},"s":{"0":8,"1":8,"2":8,"3":8,"4":8,"5":8,"6":8,"7":8,"8":8,"9":8,"10":8,"11":8,"12":8,"13":8,"14":8,"15":8,"16":8,"17":8,"18":8,"19":8,"20":8,"21":8,"22":8,"23":8,"24":8,"25":8},"f":{},"b":{},"_coverageSchema":"1a1c01bbd47fc00a2c39e90264f33305004495a9","hash":"02e709d6b79b765ee73124f37dae7f82c2165a2d"}
,"/Volumes/Development/Crypto/mobile-wallet-2/casperdash-mobile-wallet/src/utils/constants/ledger.ts": {"path":"/Volumes/Development/Crypto/mobile-wallet-2/casperdash-mobile-wallet/src/utils/constants/ledger.ts","statementMap":{"0":{"start":{"line":1,"column":25},"end":{"line":1,"column":29}},"1":{"start":{"line":2,"column":28},"end":{"line":2,"column":29}},"2":{"start":{"line":4,"column":2},"end":{"line":4,"column":64}},"3":{"start":{"line":6,"column":2},"end":{"line":6,"column":66}}},"fnMap":{},"branchMap":{},"s":{"0":1,"1":1,"2":1,"3":1},"f":{},"b":{},"_coverageSchema":"1a1c01bbd47fc00a2c39e90264f33305004495a9","hash":"72ce5ba4ab3b24d6434cd81baee7cbdb300fc642"}
,"/Volumes/Development/Crypto/mobile-wallet-2/casperdash-mobile-wallet/src/utils/constants/nft.ts": {"path":"/Volumes/Development/Crypto/mobile-wallet-2/casperdash-mobile-wallet/src/utils/constants/nft.ts","statementMap":{"0":{"start":{"line":1,"column":39},"end":{"line":1,"column":40}}},"fnMap":{},"branchMap":{},"s":{"0":1},"f":{},"b":{},"_coverageSchema":"1a1c01bbd47fc00a2c39e90264f33305004495a9","hash":"3f7236b4202ea0900f7d9be115af723177168172"}
,"/Volumes/Development/Crypto/mobile-wallet-2/casperdash-mobile-wallet/src/utils/constants/stack.ts": {"path":"/Volumes/Development/Crypto/mobile-wallet-2/casperdash-mobile-wallet/src/utils/constants/stack.ts","statementMap":{"0":{"start":{"line":3,"column":30},"end":{"line":6,"column":1}}},"fnMap":{},"branchMap":{},"s":{"0":1},"f":{},"b":{},"_coverageSchema":"1a1c01bbd47fc00a2c39e90264f33305004495a9","hash":"2ea44de140f673ed511538ba97da44ad68d5c2aa"}
,"/Volumes/Development/Crypto/mobile-wallet-2/casperdash-mobile-wallet/src/utils/helpers/balance.ts": {"path":"/Volumes/Development/Crypto/mobile-wallet-2/casperdash-mobile-wallet/src/utils/helpers/balance.ts","statementMap":{"0":{"start":{"line":8,"column":37},"end":{"line":11,"column":1}},"1":{"start":{"line":9,"column":18},"end":{"line":9,"column":38}},"2":{"start":{"line":10,"column":2},"end":{"line":10,"column":29}},"3":{"start":{"line":18,"column":26},"end":{"line":20,"column":1}},"4":{"start":{"line":19,"column":2},"end":{"line":19,"column":60}}},"fnMap":{"0":{"name":"(anonymous_0)","decl":{"start":{"line":8,"column":37},"end":{"line":8,"column":38}},"loc":{"start":{"line":8,"column":61},"end":{"line":11,"column":1}},"line":8},"1":{"name":"(anonymous_1)","decl":{"start":{"line":18,"column":26},"end":{"line":18,"column":27}},"loc":{"start":{"line":18,"column":53},"end":{"line":20,"column":1}},"line":18}},"branchMap":{},"s":{"0":1,"1":2,"2":2,"3":1,"4":2},"f":{"0":2,"1":2},"b":{},"_coverageSchema":"1a1c01bbd47fc00a2c39e90264f33305004495a9","hash":"f68b8205e8fe042b216c1170ae042208464b3f63"}
,"/Volumes/Development/Crypto/mobile-wallet-2/casperdash-mobile-wallet/src/utils/helpers/currency.ts": {"path":"/Volumes/Development/Crypto/mobile-wallet-2/casperdash-mobile-wallet/src/utils/helpers/currency.ts","statementMap":{"0":{"start":{"line":17,"column":23},"end":{"line":27,"column":1}},"1":{"start":{"line":18,"column":2},"end":{"line":26,"column":3}},"2":{"start":{"line":19,"column":22},"end":{"line":22,"column":17}},"3":{"start":{"line":23,"column":4},"end":{"line":23,"column":37}},"4":{"start":{"line":25,"column":4},"end":{"line":25,"column":15}},"5":{"start":{"line":35,"column":22},"end":{"line":45,"column":1}},"6":{"start":{"line":36,"column":2},"end":{"line":44,"column":3}},"7":{"start":{"line":37,"column":22},"end":{"line":40,"column":17}},"8":{"start":{"line":41,"column":4},"end":{"line":41,"column":37}},"9":{"start":{"line":43,"column":4},"end":{"line":43,"column":15}}},"fnMap":{"0":{"name":"(anonymous_0)","decl":{"start":{"line":17,"column":23},"end":{"line":17,"column":24}},"loc":{"start":{"line":17,"column":52},"end":{"line":27,"column":1}},"line":17},"1":{"name":"(anonymous_1)","decl":{"start":{"line":35,"column":22},"end":{"line":35,"column":23}},"loc":{"start":{"line":35,"column":51},"end":{"line":45,"column":1}},"line":35}},"branchMap":{},"s":{"0":3,"1":8,"2":8,"3":6,"4":2,"5":3,"6":2,"7":2,"8":1,"9":1},"f":{"0":8,"1":2},"b":{},"_coverageSchema":"1a1c01bbd47fc00a2c39e90264f33305004495a9","hash":"004931284017883cf521143ae68d357d91215659"}
,"/Volumes/Development/Crypto/mobile-wallet-2/casperdash-mobile-wallet/src/utils/helpers/format.ts": {"path":"/Volumes/Development/Crypto/mobile-wallet-2/casperdash-mobile-wallet/src/utils/helpers/format.ts","statementMap":{"0":{"start":{"line":11,"column":33},"end":{"line":21,"column":1}},"1":{"start":{"line":16,"column":17},"end":{"line":19,"column":4}},"2":{"start":{"line":20,"column":2},"end":{"line":20,"column":35}},"3":{"start":{"line":30,"column":35},"end":{"line":42,"column":1}},"4":{"start":{"line":35,"column":21},"end":{"line":38,"column":3}},"5":{"start":{"line":39,"column":2},"end":{"line":41,"column":4}},"6":{"start":{"line":51,"column":31},"end":{"line":62,"column":1}},"7":{"start":{"line":56,"column":13},"end":{"line":56,"column":33}},"8":{"start":{"line":58,"column":2},"end":{"line":60,"column":3}},"9":{"start":{"line":59,"column":4},"end":{"line":59,"column":22}},"10":{"start":{"line":61,"column":2},"end":{"line":61,"column":64}},"11":{"start":{"line":68,"column":26},"end":{"line":70,"column":1}},"12":{"start":{"line":69,"column":2},"end":{"line":69,"column":59}},"13":{"start":{"line":77,"column":28},"end":{"line":93,"column":1}},"14":{"start":{"line":78,"column":2},"end":{"line":80,"column":3}},"15":{"start":{"line":79,"column":4},"end":{"line":79,"column":22}},"16":{"start":{"line":81,"column":2},"end":{"line":92,"column":3}},"17":{"start":{"line":82,"column":4},"end":{"line":82,"column":15}},"18":{"start":{"line":83,"column":9},"end":{"line":92,"column":3}},"19":{"start":{"line":84,"column":4},"end":{"line":84,"column":44}},"20":{"start":{"line":85,"column":9},"end":{"line":92,"column":3}},"21":{"start":{"line":86,"column":18},"end":{"line":86,"column":39}},"22":{"start":{"line":87,"column":4},"end":{"line":89,"column":5}},"23":{"start":{"line":88,"column":6},"end":{"line":88,"column":16}},"24":{"start":{"line":90,"column":18},"end":{"line":90,"column":29}},"25":{"start":{"line":91,"column":4},"end":{"line":91,"column":35}},"26":{"start":{"line":100,"column":38},"end":{"line":102,"column":1}},"27":{"start":{"line":101,"column":2},"end":{"line":101,"column":54}},"28":{"start":{"line":110,"column":32},"end":{"line":131,"column":1}},"29":{"start":{"line":111,"column":39},"end":{"line":111,"column":46}},"30":{"start":{"line":112,"column":2},"end":{"line":130,"column":3}},"31":{"start":{"line":114,"column":6},"end":{"line":114,"column":55}},"32":{"start":{"line":116,"column":6},"end":{"line":116,"column":53}},"33":{"start":{"line":118,"column":6},"end":{"line":118,"column":51}},"34":{"start":{"line":120,"column":6},"end":{"line":120,"column":52}},"35":{"start":{"line":123,"column":6},"end":{"line":127,"column":9}},"36":{"start":{"line":129,"column":6},"end":{"line":129,"column":19}},"37":{"start":{"line":137,"column":29},"end":{"line":152,"column":1}},"38":{"start":{"line":138,"column":2},"end":{"line":150,"column":3}},"39":{"start":{"line":139,"column":4},"end":{"line":139,"column":28}},"40":{"start":{"line":140,"column":4},"end":{"line":140,"column":65}},"41":{"start":{"line":141,"column":4},"end":{"line":141,"column":53}},"42":{"start":{"line":142,"column":4},"end":{"line":142,"column":41}},"43":{"start":{"line":143,"column":4},"end":{"line":143,"column":65}},"44":{"start":{"line":144,"column":4},"end":{"line":144,"column":53}},"45":{"start":{"line":145,"column":4},"end":{"line":145,"column":41}},"46":{"start":{"line":146,"column":4},"end":{"line":146,"column":33}},"47":{"start":{"line":147,"column":4},"end":{"line":147,"column":65}},"48":{"start":{"line":148,"column":4},"end":{"line":148,"column":51}},"49":{"start":{"line":149,"column":4},"end":{"line":149,"column":54}},"50":{"start":{"line":151,"column":2},"end":{"line":151,"column":13}}},"fnMap":{"0":{"name":"(anonymous_0)","decl":{"start":{"line":11,"column":33},"end":{"line":11,"column":34}},"loc":{"start":{"line":15,"column":5},"end":{"line":21,"column":1}},"line":15},"1":{"name":"(anonymous_1)","decl":{"start":{"line":30,"column":35},"end":{"line":30,"column":36}},"loc":{"start":{"line":34,"column":5},"end":{"line":42,"column":1}},"line":34},"2":{"name":"(anonymous_2)","decl":{"start":{"line":51,"column":31},"end":{"line":51,"column":32}},"loc":{"start":{"line":55,"column":5},"end":{"line":62,"column":1}},"line":55},"3":{"name":"(anonymous_3)","decl":{"start":{"line":68,"column":26},"end":{"line":68,"column":27}},"loc":{"start":{"line":68,"column":45},"end":{"line":70,"column":1}},"line":68},"4":{"name":"(anonymous_4)","decl":{"start":{"line":77,"column":28},"end":{"line":77,"column":29}},"loc":{"start":{"line":77,"column":62},"end":{"line":93,"column":1}},"line":77},"5":{"name":"(anonymous_5)","decl":{"start":{"line":100,"column":38},"end":{"line":100,"column":39}},"loc":{"start":{"line":100,"column":70},"end":{"line":102,"column":1}},"line":100},"6":{"name":"(anonymous_6)","decl":{"start":{"line":110,"column":32},"end":{"line":110,"column":33}},"loc":{"start":{"line":110,"column":62},"end":{"line":131,"column":1}},"line":110},"7":{"name":"(anonymous_7)","decl":{"start":{"line":137,"column":29},"end":{"line":137,"column":30}},"loc":{"start":{"line":137,"column":46},"end":{"line":152,"column":1}},"line":137}},"branchMap":{"0":{"loc":{"start":{"line":12,"column":2},"end":{"line":12,"column":9}},"type":"default-arg","locations":[{"start":{"line":12,"column":8},"end":{"line":12,"column":9}}],"line":12},"1":{"loc":{"start":{"line":13,"column":2},"end":{"line":13,"column":14}},"type":"default-arg","locations":[{"start":{"line":13,"column":12},"end":{"line":13,"column":14}}],"line":13},"2":{"loc":{"start":{"line":14,"column":2},"end":{"line":14,"column":32}},"type":"default-arg","locations":[{"start":{"line":14,"column":12},"end":{"line":14,"column":32}}],"line":14},"3":{"loc":{"start":{"line":20,"column":9},"end":{"line":20,"column":34}},"type":"binary-expr","locations":[{"start":{"line":20,"column":9},"end":{"line":20,"column":27}},{"start":{"line":20,"column":31},"end":{"line":20,"column":34}}],"line":20},"4":{"loc":{"start":{"line":31,"column":2},"end":{"line":31,"column":9}},"type":"default-arg","locations":[{"start":{"line":31,"column":8},"end":{"line":31,"column":9}}],"line":31},"5":{"loc":{"start":{"line":32,"column":2},"end":{"line":32,"column":14}},"type":"default-arg","locations":[{"start":{"line":32,"column":12},"end":{"line":32,"column":14}}],"line":32},"6":{"loc":{"start":{"line":33,"column":2},"end":{"line":33,"column":32}},"type":"default-arg","locations":[{"start":{"line":33,"column":12},"end":{"line":33,"column":32}}],"line":33},"7":{"loc":{"start":{"line":53,"column":2},"end":{"line":53,"column":75}},"type":"default-arg","locations":[{"start":{"line":53,"column":17},"end":{"line":53,"column":75}}],"line":53},"8":{"loc":{"start":{"line":54,"column":2},"end":{"line":54,"column":32}},"type":"default-arg","locations":[{"start":{"line":54,"column":12},"end":{"line":54,"column":32}}],"line":54},"9":{"loc":{"start":{"line":58,"column":2},"end":{"line":60,"column":3}},"type":"if","locations":[{"start":{"line":58,"column":2},"end":{"line":60,"column":3}},{"start":{},"end":{}}],"line":58},"10":{"loc":{"start":{"line":69,"column":9},"end":{"line":69,"column":58}},"type":"cond-expr","locations":[{"start":{"line":69,"column":47},"end":{"line":69,"column":50}},{"start":{"line":69,"column":53},"end":{"line":69,"column":58}}],"line":69},"11":{"loc":{"start":{"line":69,"column":9},"end":{"line":69,"column":44}},"type":"binary-expr","locations":[{"start":{"line":69,"column":9},"end":{"line":69,"column":28}},{"start":{"line":69,"column":32},"end":{"line":69,"column":44}}],"line":69},"12":{"loc":{"start":{"line":78,"column":2},"end":{"line":80,"column":3}},"type":"if","locations":[{"start":{"line":78,"column":2},"end":{"line":80,"column":3}},{"start":{},"end":{}}],"line":78},"13":{"loc":{"start":{"line":81,"column":2},"end":{"line":92,"column":3}},"type":"if","locations":[{"start":{"line":81,"column":2},"end":{"line":92,"column":3}},{"start":{"line":83,"column":9},"end":{"line":92,"column":3}}],"line":81},"14":{"loc":{"start":{"line":83,"column":9},"end":{"line":92,"column":3}},"type":"if","locations":[{"start":{"line":83,"column":9},"end":{"line":92,"column":3}},{"start":{"line":85,"column":9},"end":{"line":92,"column":3}}],"line":83},"15":{"loc":{"start":{"line":85,"column":9},"end":{"line":92,"column":3}},"type":"if","locations":[{"start":{"line":85,"column":9},"end":{"line":92,"column":3}},{"start":{},"end":{}}],"line":85},"16":{"loc":{"start":{"line":87,"column":4},"end":{"line":89,"column":5}},"type":"if","locations":[{"start":{"line":87,"column":4},"end":{"line":89,"column":5}},{"start":{},"end":{}}],"line":87},"17":{"loc":{"start":{"line":112,"column":2},"end":{"line":130,"column":3}},"type":"switch","locations":[{"start":{"line":113,"column":4},"end":{"line":114,"column":55}},{"start":{"line":115,"column":4},"end":{"line":116,"column":53}},{"start":{"line":117,"column":4},"end":{"line":118,"column":51}},{"start":{"line":119,"column":4},"end":{"line":120,"column":52}},{"start":{"line":121,"column":4},"end":{"line":127,"column":9}},{"start":{"line":128,"column":4},"end":{"line":129,"column":19}}],"line":112},"18":{"loc":{"start":{"line":138,"column":2},"end":{"line":150,"column":3}},"type":"if","locations":[{"start":{"line":138,"column":2},"end":{"line":150,"column":3}},{"start":{},"end":{}}],"line":138}},"s":{"0":1,"1":9,"2":9,"3":1,"4":4,"5":4,"6":1,"7":1,"8":1,"9":0,"10":1,"11":1,"12":2,"13":1,"14":10,"15":1,"16":9,"17":2,"18":7,"19":2,"20":5,"21":4,"22":4,"23":2,"24":2,"25":2,"26":1,"27":2,"28":1,"29":5,"30":5,"31":1,"32":1,"33":0,"34":1,"35":1,"36":1,"37":1,"38":0,"39":0,"40":0,"41":0,"42":0,"43":0,"44":0,"45":0,"46":0,"47":0,"48":0,"49":0,"50":0},"f":{"0":9,"1":4,"2":1,"3":2,"4":10,"5":2,"6":5,"7":0},"b":{"0":[0],"1":[4],"2":[9],"3":[9,0],"4":[0],"5":[1],"6":[4],"7":[1],"8":[0],"9":[0,1],"10":[1,1],"11":[2,1],"12":[1,9],"13":[2,7],"14":[2,5],"15":[4,1],"16":[2,2],"17":[1,1,0,1,1,1],"18":[0,0]},"_coverageSchema":"1a1c01bbd47fc00a2c39e90264f33305004495a9","hash":"26a57b8d73d1517994db5cf7de5ba3f35d16c2a7"}
,"/Volumes/Development/Crypto/mobile-wallet-2/casperdash-mobile-wallet/src/utils/helpers/identicon.ts": {"path":"/Volumes/Development/Crypto/mobile-wallet-2/casperdash-mobile-wallet/src/utils/helpers/identicon.ts","statementMap":{"0":{"start":{"line":9,"column":34},"end":{"line":19,"column":1}},"1":{"start":{"line":10,"column":2},"end":{"line":18,"column":3}},"2":{"start":{"line":11,"column":4},"end":{"line":15,"column":20}},"3":{"start":{"line":17,"column":4},"end":{"line":17,"column":43}}},"fnMap":{"0":{"name":"(anonymous_0)","decl":{"start":{"line":9,"column":34},"end":{"line":9,"column":35}},"loc":{"start":{"line":9,"column":64},"end":{"line":19,"column":1}},"line":9}},"branchMap":{"0":{"loc":{"start":{"line":9,"column":47},"end":{"line":9,"column":59}},"type":"default-arg","locations":[{"start":{"line":9,"column":57},"end":{"line":9,"column":59}}],"line":9}},"s":{"0":1,"1":2,"2":2,"3":1},"f":{"0":2},"b":{"0":[2]},"_coverageSchema":"1a1c01bbd47fc00a2c39e90264f33305004495a9","hash":"a228645b7e323f6a2b0b484f23c2115c03a81366"}
,"/Volumes/Development/Crypto/mobile-wallet-2/casperdash-mobile-wallet/src/utils/helpers/key.ts": {"path":"/Volumes/Development/Crypto/mobile-wallet-2/casperdash-mobile-wallet/src/utils/helpers/key.ts","statementMap":{"0":{"start":{"line":3,"column":25},"end":{"line":5,"column":1}},"1":{"start":{"line":4,"column":27},"end":{"line":4,"column":39}},"2":{"start":{"line":12,"column":33},"end":{"line":14,"column":1}},"3":{"start":{"line":13,"column":2},"end":{"line":13,"column":43}}},"fnMap":{"0":{"name":"(anonymous_0)","decl":{"start":{"line":4,"column":17},"end":{"line":4,"column":18}},"loc":{"start":{"line":4,"column":27},"end":{"line":4,"column":39}},"line":4},"1":{"name":"(anonymous_1)","decl":{"start":{"line":12,"column":33},"end":{"line":12,"column":34}},"loc":{"start":{"line":12,"column":47},"end":{"line":14,"column":1}},"line":12}},"branchMap":{"0":{"loc":{"start":{"line":12,"column":34},"end":{"line":12,"column":42}},"type":"default-arg","locations":[{"start":{"line":12,"column":40},"end":{"line":12,"column":42}}],"line":12}},"s":{"0":1,"1":3,"2":1,"3":3},"f":{"0":3,"1":3},"b":{"0":[0]},"_coverageSchema":"1a1c01bbd47fc00a2c39e90264f33305004495a9","hash":"3e5fbdb014b7fb8914b25cfa321159a76ab8f05c"}
,"/Volumes/Development/Crypto/mobile-wallet-2/casperdash-mobile-wallet/src/utils/helpers/validator.ts": {"path":"/Volumes/Development/Crypto/mobile-wallet-2/casperdash-mobile-wallet/src/utils/helpers/validator.ts","statementMap":{"0":{"start":{"line":10,"column":32},"end":{"line":17,"column":1}},"1":{"start":{"line":11,"column":2},"end":{"line":16,"column":3}},"2":{"start":{"line":12,"column":18},"end":{"line":12,"column":48}},"3":{"start":{"line":13,"column":4},"end":{"line":13,"column":32}},"4":{"start":{"line":15,"column":4},"end":{"line":15,"column":17}},"5":{"start":{"line":23,"column":35},"end":{"line":57,"column":1}},"6":{"start":{"line":24,"column":20},"end":{"line":24,"column":22}},"7":{"start":{"line":25,"column":2},"end":{"line":27,"column":3}},"8":{"start":{"line":26,"column":4},"end":{"line":26,"column":36}},"9":{"start":{"line":28,"column":2},"end":{"line":30,"column":3}},"10":{"start":{"line":29,"column":4},"end":{"line":29,"column":29}},"11":{"start":{"line":31,"column":2},"end":{"line":33,"column":3}},"12":{"start":{"line":32,"column":4},"end":{"line":32,"column":30}},"13":{"start":{"line":34,"column":2},"end":{"line":40,"column":3}},"14":{"start":{"line":39,"column":4},"end":{"line":39,"column":38}},"15":{"start":{"line":41,"column":2},"end":{"line":43,"column":3}},"16":{"start":{"line":42,"column":4},"end":{"line":42,"column":42}},"17":{"start":{"line":45,"column":2},"end":{"line":54,"column":5}},"18":{"start":{"line":46,"column":21},"end":{"line":46,"column":40}},"19":{"start":{"line":47,"column":22},"end":{"line":47,"column":37}},"20":{"start":{"line":48,"column":4},"end":{"line":50,"column":5}},"21":{"start":{"line":49,"column":6},"end":{"line":49,"column":44}},"22":{"start":{"line":51,"column":4},"end":{"line":53,"column":5}},"23":{"start":{"line":52,"column":6},"end":{"line":52,"column":45}},"24":{"start":{"line":56,"column":2},"end":{"line":56,"column":16}},"25":{"start":{"line":59,"column":29},"end":{"line":64,"column":1}},"26":{"start":{"line":61,"column":4},"end":{"line":61,"column":48}},"27":{"start":{"line":66,"column":27},"end":{"line":92,"column":1}},"28":{"start":{"line":79,"column":2},"end":{"line":81,"column":3}},"29":{"start":{"line":80,"column":4},"end":{"line":80,"column":66}},"30":{"start":{"line":82,"column":2},"end":{"line":84,"column":3}},"31":{"start":{"line":83,"column":4},"end":{"line":83,"column":56}},"32":{"start":{"line":85,"column":2},"end":{"line":87,"column":3}},"33":{"start":{"line":86,"column":4},"end":{"line":86,"column":33}},"34":{"start":{"line":88,"column":2},"end":{"line":90,"column":3}},"35":{"start":{"line":89,"column":4},"end":{"line":89,"column":33}},"36":{"start":{"line":91,"column":2},"end":{"line":91,"column":12}},"37":{"start":{"line":99,"column":36},"end":{"line":140,"column":1}},"38":{"start":{"line":116,"column":20},"end":{"line":116,"column":22}},"39":{"start":{"line":118,"column":2},"end":{"line":120,"column":3}},"40":{"start":{"line":119,"column":4},"end":{"line":119,"column":35}},"41":{"start":{"line":121,"column":2},"end":{"line":123,"column":3}},"42":{"start":{"line":122,"column":4},"end":{"line":122,"column":42}},"43":{"start":{"line":125,"column":26},"end":{"line":131,"column":4}},"44":{"start":{"line":132,"column":2},"end":{"line":134,"column":3}},"45":{"start":{"line":133,"column":4},"end":{"line":133,"column":40}},"46":{"start":{"line":136,"column":2},"end":{"line":138,"column":3}},"47":{"start":{"line":137,"column":4},"end":{"line":137,"column":52}},"48":{"start":{"line":139,"column":2},"end":{"line":139,"column":16}},"49":{"start":{"line":146,"column":33},"end":{"line":171,"column":1}},"50":{"start":{"line":159,"column":20},"end":{"line":159,"column":22}},"51":{"start":{"line":160,"column":2},"end":{"line":164,"column":3}},"52":{"start":{"line":161,"column":4},"end":{"line":161,"column":69}},"53":{"start":{"line":162,"column":9},"end":{"line":164,"column":3}},"54":{"start":{"line":163,"column":4},"end":{"line":163,"column":60}},"55":{"start":{"line":166,"column":2},"end":{"line":168,"column":3}},"56":{"start":{"line":167,"column":4},"end":{"line":167,"column":105}},"57":{"start":{"line":170,"column":2},"end":{"line":170,"column":16}},"58":{"start":{"line":177,"column":38},"end":{"line":206,"column":1}},"59":{"start":{"line":192,"column":20},"end":{"line":192,"column":22}},"60":{"start":{"line":193,"column":2},"end":{"line":199,"column":3}},"61":{"start":{"line":194,"column":4},"end":{"line":194,"column":69}},"62":{"start":{"line":195,"column":9},"end":{"line":199,"column":3}},"63":{"start":{"line":196,"column":4},"end":{"line":196,"column":66}},"64":{"start":{"line":197,"column":9},"end":{"line":199,"column":3}},"65":{"start":{"line":198,"column":4},"end":{"line":198,"column":60}},"66":{"start":{"line":201,"column":2},"end":{"line":203,"column":3}},"67":{"start":{"line":202,"column":4},"end":{"line":202,"column":105}},"68":{"start":{"line":205,"column":2},"end":{"line":205,"column":16}}},"fnMap":{"0":{"name":"(anonymous_0)","decl":{"start":{"line":10,"column":32},"end":{"line":10,"column":33}},"loc":{"start":{"line":10,"column":55},"end":{"line":17,"column":1}},"line":10},"1":{"name":"(anonymous_1)","decl":{"start":{"line":23,"column":35},"end":{"line":23,"column":36}},"loc":{"start":{"line":23,"column":52},"end":{"line":57,"column":1}},"line":23},"2":{"name":"(anonymous_2)","decl":{"start":{"line":45,"column":61},"end":{"line":45,"column":62}},"loc":{"start":{"line":45,"column":75},"end":{"line":54,"column":3}},"line":45},"3":{"name":"(anonymous_3)","decl":{"start":{"line":60,"column":18},"end":{"line":60,"column":19}},"loc":{"start":{"line":61,"column":4},"end":{"line":61,"column":48}},"line":61},"4":{"name":"(anonymous_4)","decl":{"start":{"line":66,"column":27},"end":{"line":66,"column":28}},"loc":{"start":{"line":78,"column":6},"end":{"line":92,"column":1}},"line":78},"5":{"name":"(anonymous_5)","decl":{"start":{"line":99,"column":36},"end":{"line":99,"column":37}},"loc":{"start":{"line":115,"column":6},"end":{"line":140,"column":1}},"line":115},"6":{"name":"(anonymous_6)","decl":{"start":{"line":146,"column":33},"end":{"line":146,"column":34}},"loc":{"start":{"line":158,"column":6},"end":{"line":171,"column":1}},"line":158},"7":{"name":"(anonymous_7)","decl":{"start":{"line":177,"column":38},"end":{"line":177,"column":39}},"loc":{"start":{"line":191,"column":6},"end":{"line":206,"column":1}},"line":191}},"branchMap":{"0":{"loc":{"start":{"line":13,"column":11},"end":{"line":13,"column":31}},"type":"cond-expr","locations":[{"start":{"line":13,"column":19},"end":{"line":13,"column":23}},{"start":{"line":13,"column":26},"end":{"line":13,"column":31}}],"line":13},"1":{"loc":{"start":{"line":25,"column":2},"end":{"line":27,"column":3}},"type":"if","locations":[{"start":{"line":25,"column":2},"end":{"line":27,"column":3}},{"start":{},"end":{}}],"line":25},"2":{"loc":{"start":{"line":28,"column":2},"end":{"line":30,"column":3}},"type":"if","locations":[{"start":{"line":28,"column":2},"end":{"line":30,"column":3}},{"start":{},"end":{}}],"line":28},"3":{"loc":{"start":{"line":31,"column":2},"end":{"line":33,"column":3}},"type":"if","locations":[{"start":{"line":31,"column":2},"end":{"line":33,"column":3}},{"start":{},"end":{}}],"line":31},"4":{"loc":{"start":{"line":34,"column":2},"end":{"line":40,"column":3}},"type":"if","locations":[{"start":{"line":34,"column":2},"end":{"line":40,"column":3}},{"start":{},"end":{}}],"line":34},"5":{"loc":{"start":{"line":35,"column":4},"end":{"line":37,"column":40}},"type":"binary-expr","locations":[{"start":{"line":35,"column":4},"end":{"line":35,"column":16}},{"start":{"line":36,"column":4},"end":{"line":36,"column":21}},{"start":{"line":37,"column":4},"end":{"line":37,"column":40}}],"line":35},"6":{"loc":{"start":{"line":41,"column":2},"end":{"line":43,"column":3}},"type":"if","locations":[{"start":{"line":41,"column":2},"end":{"line":43,"column":3}},{"start":{},"end":{}}],"line":41},"7":{"loc":{"start":{"line":41,"column":6},"end":{"line":41,"column":61}},"type":"binary-expr","locations":[{"start":{"line":41,"column":6},"end":{"line":41,"column":22}},{"start":{"line":41,"column":26},"end":{"line":41,"column":61}}],"line":41},"8":{"loc":{"start":{"line":48,"column":4},"end":{"line":50,"column":5}},"type":"if","locations":[{"start":{"line":48,"column":4},"end":{"line":50,"column":5}},{"start":{},"end":{}}],"line":48},"9":{"loc":{"start":{"line":48,"column":8},"end":{"line":48,"column":56}},"type":"binary-expr","locations":[{"start":{"line":48,"column":8},"end":{"line":48,"column":24}},{"start":{"line":48,"column":28},"end":{"line":48,"column":56}}],"line":48},"10":{"loc":{"start":{"line":51,"column":4},"end":{"line":53,"column":5}},"type":"if","locations":[{"start":{"line":51,"column":4},"end":{"line":53,"column":5}},{"start":{},"end":{}}],"line":51},"11":{"loc":{"start":{"line":51,"column":8},"end":{"line":51,"column":58}},"type":"binary-expr","locations":[{"start":{"line":51,"column":8},"end":{"line":51,"column":25}},{"start":{"line":51,"column":29},"end":{"line":51,"column":58}}],"line":51},"12":{"loc":{"start":{"line":79,"column":2},"end":{"line":81,"column":3}},"type":"if","locations":[{"start":{"line":79,"column":2},"end":{"line":81,"column":3}},{"start":{},"end":{}}],"line":79},"13":{"loc":{"start":{"line":79,"column":6},"end":{"line":79,"column":41}},"type":"binary-expr","locations":[{"start":{"line":79,"column":6},"end":{"line":79,"column":15}},{"start":{"line":79,"column":19},"end":{"line":79,"column":41}}],"line":79},"14":{"loc":{"start":{"line":82,"column":2},"end":{"line":84,"column":3}},"type":"if","locations":[{"start":{"line":82,"column":2},"end":{"line":84,"column":3}},{"start":{},"end":{}}],"line":82},"15":{"loc":{"start":{"line":85,"column":2},"end":{"line":87,"column":3}},"type":"if","locations":[{"start":{"line":85,"column":2},"end":{"line":87,"column":3}},{"start":{},"end":{}}],"line":85},"16":{"loc":{"start":{"line":88,"column":2},"end":{"line":90,"column":3}},"type":"if","locations":[{"start":{"line":88,"column":2},"end":{"line":90,"column":3}},{"start":{},"end":{}}],"line":88},"17":{"loc":{"start":{"line":88,"column":6},"end":{"line":88,"column":73}},"type":"binary-expr","locations":[{"start":{"line":88,"column":6},"end":{"line":88,"column":28}},{"start":{"line":88,"column":32},"end":{"line":88,"column":73}}],"line":88},"18":{"loc":{"start":{"line":118,"column":2},"end":{"line":120,"column":3}},"type":"if","locations":[{"start":{"line":118,"column":2},"end":{"line":120,"column":3}},{"start":{},"end":{}}],"line":118},"19":{"loc":{"start":{"line":121,"column":2},"end":{"line":123,"column":3}},"type":"if","locations":[{"start":{"line":121,"column":2},"end":{"line":123,"column":3}},{"start":{},"end":{}}],"line":121},"20":{"loc":{"start":{"line":121,"column":6},"end":{"line":121,"column":47}},"type":"binary-expr","locations":[{"start":{"line":121,"column":6},"end":{"line":121,"column":15}},{"start":{"line":121,"column":19},"end":{"line":121,"column":47}}],"line":121},"21":{"loc":{"start":{"line":132,"column":2},"end":{"line":134,"column":3}},"type":"if","locations":[{"start":{"line":132,"column":2},"end":{"line":134,"column":3}},{"start":{},"end":{}}],"line":132},"22":{"loc":{"start":{"line":136,"column":2},"end":{"line":138,"column":3}},"type":"if","locations":[{"start":{"line":136,"column":2},"end":{"line":138,"column":3}},{"start":{},"end":{}}],"line":136},"23":{"loc":{"start":{"line":160,"column":2},"end":{"line":164,"column":3}},"type":"if","locations":[{"start":{"line":160,"column":2},"end":{"line":164,"column":3}},{"start":{"line":162,"column":9},"end":{"line":164,"column":3}}],"line":160},"24":{"loc":{"start":{"line":162,"column":9},"end":{"line":164,"column":3}},"type":"if","locations":[{"start":{"line":162,"column":9},"end":{"line":164,"column":3}},{"start":{},"end":{}}],"line":162},"25":{"loc":{"start":{"line":166,"column":2},"end":{"line":168,"column":3}},"type":"if","locations":[{"start":{"line":166,"column":2},"end":{"line":168,"column":3}},{"start":{},"end":{}}],"line":166},"26":{"loc":{"start":{"line":193,"column":2},"end":{"line":199,"column":3}},"type":"if","locations":[{"start":{"line":193,"column":2},"end":{"line":199,"column":3}},{"start":{"line":195,"column":9},"end":{"line":199,"column":3}}],"line":193},"27":{"loc":{"start":{"line":195,"column":9},"end":{"line":199,"column":3}},"type":"if","locations":[{"start":{"line":195,"column":9},"end":{"line":199,"column":3}},{"start":{"line":197,"column":9},"end":{"line":199,"column":3}}],"line":195},"28":{"loc":{"start":{"line":197,"column":9},"end":{"line":199,"column":3}},"type":"if","locations":[{"start":{"line":197,"column":9},"end":{"line":199,"column":3}},{"start":{},"end":{}}],"line":197},"29":{"loc":{"start":{"line":201,"column":2},"end":{"line":203,"column":3}},"type":"if","locations":[{"start":{"line":201,"column":2},"end":{"line":203,"column":3}},{"start":{},"end":{}}],"line":201}},"s":{"0":1,"1":13,"2":13,"3":9,"4":4,"5":1,"6":5,"7":5,"8":1,"9":5,"10":1,"11":5,"12":1,"13":5,"14":1,"15":5,"16":1,"17":5,"18":25,"19":25,"20":25,"21":1,"22":25,"23":1,"24":5,"25":1,"26":2,"27":1,"28":9,"29":1,"30":8,"31":1,"32":7,"33":1,"34":6,"35":2,"36":4,"37":1,"38":9,"39":9,"40":1,"41":9,"42":1,"43":9,"44":9,"45":5,"46":9,"47":1,"48":9,"49":1,"50":3,"51":3,"52":1,"53":2,"54":1,"55":3,"56":1,"57":3,"58":1,"59":4,"60":4,"61":1,"62":3,"63":1,"64":2,"65":2,"66":4,"67":1,"68":4},"f":{"0":13,"1":5,"2":25,"3":2,"4":9,"5":9,"6":3,"7":4},"b":{"0":[9,0],"1":[1,4],"2":[1,4],"3":[1,4],"4":[1,4],"5":[5,4,3],"6":[1,4],"7":[5,1],"8":[1,24],"9":[25,1],"10":[1,24],"11":[25,1],"12":[1,8],"13":[9,2],"14":[1,7],"15":[1,6],"16":[2,4],"17":[6,2],"18":[1,8],"19":[1,8],"20":[9,8],"21":[5,4],"22":[1,8],"23":[1,2],"24":[1,1],"25":[1,2],"26":[1,3],"27":[1,2],"28":[2,0],"29":[1,3]},"_coverageSchema":"1a1c01bbd47fc00a2c39e90264f33305004495a9","hash":"83be42074aaef176608173aa8c8b9440a7969e2f"}
,"/Volumes/Development/Crypto/mobile-wallet-2/casperdash-mobile-wallet/src/utils/services/casperServices.js": {"path":"/Volumes/Development/Crypto/mobile-wallet-2/casperdash-mobile-wallet/src/utils/services/casperServices.js","statementMap":{"0":{"start":{"line":26,"column":35},"end":{"line":42,"column":1}},"1":{"start":{"line":33,"column":23},"end":{"line":33,"column":77}},"2":{"start":{"line":34,"column":25},"end":{"line":39,"column":3}},"3":{"start":{"line":40,"column":18},"end":{"line":40,"column":61}},"4":{"start":{"line":41,"column":2},"end":{"line":41,"column":70}},"5":{"start":{"line":50,"column":42},"end":{"line":54,"column":1}},"6":{"start":{"line":51,"column":23},"end":{"line":51,"column":77}},"7":{"start":{"line":52,"column":18},"end":{"line":52,"column":60}},"8":{"start":{"line":53,"column":2},"end":{"line":53,"column":63}},"9":{"start":{"line":64,"column":40},"end":{"line":76,"column":1}},"10":{"start":{"line":69,"column":20},"end":{"line":69,"column":51}},"11":{"start":{"line":70,"column":23},"end":{"line":74,"column":3}},"12":{"start":{"line":75,"column":2},"end":{"line":75,"column":22}},"13":{"start":{"line":82,"column":38},"end":{"line":84,"column":1}},"14":{"start":{"line":83,"column":2},"end":{"line":83,"column":65}},"15":{"start":{"line":94,"column":40},"end":{"line":119,"column":1}},"16":{"start":{"line":101,"column":34},"end":{"line":101,"column":71}},"17":{"start":{"line":102,"column":23},"end":{"line":107,"column":3}},"18":{"start":{"line":109,"column":4},"end":{"line":116,"column":5}},"19":{"start":{"line":117,"column":18},"end":{"line":117,"column":61}},"20":{"start":{"line":118,"column":2},"end":{"line":118,"column":70}},"21":{"start":{"line":125,"column":35},"end":{"line":131,"column":1}},"22":{"start":{"line":126,"column":2},"end":{"line":130,"column":3}},"23":{"start":{"line":127,"column":4},"end":{"line":127,"column":35}},"24":{"start":{"line":129,"column":4},"end":{"line":129,"column":25}},"25":{"start":{"line":138,"column":23},"end":{"line":147,"column":1}},"26":{"start":{"line":139,"column":16},"end":{"line":142,"column":4}},"27":{"start":{"line":143,"column":2},"end":{"line":145,"column":3}},"28":{"start":{"line":144,"column":4},"end":{"line":144,"column":72}},"29":{"start":{"line":146,"column":2},"end":{"line":146,"column":15}},"30":{"start":{"line":153,"column":39},"end":{"line":154,"column":51}},"31":{"start":{"line":154,"column":2},"end":{"line":154,"column":51}}},"fnMap":{"0":{"name":"(anonymous_0)","decl":{"start":{"line":26,"column":35},"end":{"line":26,"column":36}},"loc":{"start":{"line":32,"column":5},"end":{"line":42,"column":1}},"line":32},"1":{"name":"(anonymous_1)","decl":{"start":{"line":50,"column":42},"end":{"line":50,"column":43}},"loc":{"start":{"line":50,"column":68},"end":{"line":54,"column":1}},"line":50},"2":{"name":"(anonymous_2)","decl":{"start":{"line":64,"column":40},"end":{"line":64,"column":41}},"loc":{"start":{"line":68,"column":5},"end":{"line":76,"column":1}},"line":68},"3":{"name":"(anonymous_3)","decl":{"start":{"line":82,"column":38},"end":{"line":82,"column":39}},"loc":{"start":{"line":82,"column":51},"end":{"line":84,"column":1}},"line":82},"4":{"name":"(anonymous_4)","decl":{"start":{"line":94,"column":40},"end":{"line":94,"column":41}},"loc":{"start":{"line":100,"column":5},"end":{"line":119,"column":1}},"line":100},"5":{"name":"(anonymous_5)","decl":{"start":{"line":125,"column":35},"end":{"line":125,"column":36}},"loc":{"start":{"line":125,"column":41},"end":{"line":131,"column":1}},"line":125},"6":{"name":"(anonymous_6)","decl":{"start":{"line":138,"column":23},"end":{"line":138,"column":24}},"loc":{"start":{"line":138,"column":30},"end":{"line":147,"column":1}},"line":138},"7":{"name":"(anonymous_7)","decl":{"start":{"line":153,"column":39},"end":{"line":153,"column":40}},"loc":{"start":{"line":154,"column":2},"end":{"line":154,"column":51}},"line":154}},"branchMap":{},"s":{"0":1,"1":1,"2":1,"3":1,"4":1,"5":1,"6":1,"7":1,"8":1,"9":1,"10":1,"11":1,"12":1,"13":1,"14":2,"15":1,"16":2,"17":2,"18":2,"19":2,"20":2,"21":1,"22":2,"23":2,"24":1,"25":1,"26":0,"27":0,"28":0,"29":0,"30":1,"31":0},"f":{"0":1,"1":1,"2":1,"3":2,"4":2,"5":2,"6":0,"7":0},"b":{},"_coverageSchema":"1a1c01bbd47fc00a2c39e90264f33305004495a9","hash":"f29d8cce4a05152f00f01ee64bdb3cfbd3affb78"}
,"/Volumes/Development/Crypto/mobile-wallet-2/casperdash-mobile-wallet/src/utils/services/ledgerServices.js": {"path":"/Volumes/Development/Crypto/mobile-wallet-2/casperdash-mobile-wallet/src/utils/services/ledgerServices.js","statementMap":{"0":{"start":{"line":11,"column":29},"end":{"line":15,"column":1}},"1":{"start":{"line":12,"column":17},"end":{"line":12,"column":50}},"2":{"start":{"line":13,"column":20},"end":{"line":13,"column":64}},"3":{"start":{"line":14,"column":2},"end":{"line":14,"column":60}},"4":{"start":{"line":22,"column":34},"end":{"line":54,"column":1}},"5":{"start":{"line":23,"column":35},"end":{"line":23,"column":56}},"6":{"start":{"line":25,"column":25},"end":{"line":28,"column":3}},"7":{"start":{"line":30,"column":2},"end":{"line":38,"column":3}},"8":{"start":{"line":31,"column":4},"end":{"line":31,"column":22}},"9":{"start":{"line":32,"column":4},"end":{"line":37,"column":6}},"10":{"start":{"line":40,"column":21},"end":{"line":44,"column":3}},"11":{"start":{"line":45,"column":2},"end":{"line":45,"column":57}},"12":{"start":{"line":46,"column":2},"end":{"line":53,"column":3}},"13":{"start":{"line":47,"column":4},"end":{"line":47,"column":21}},"14":{"start":{"line":48,"column":4},"end":{"line":48,"column":22}},"15":{"start":{"line":49,"column":4},"end":{"line":49,"column":53}},"16":{"start":{"line":51,"column":4},"end":{"line":51,"column":22}},"17":{"start":{"line":52,"column":4},"end":{"line":52,"column":57}},"18":{"start":{"line":61,"column":34},"end":{"line":70,"column":1}},"19":{"start":{"line":62,"column":29},"end":{"line":64,"column":3}},"20":{"start":{"line":66,"column":2},"end":{"line":68,"column":3}},"21":{"start":{"line":67,"column":4},"end":{"line":67,"column":39}},"22":{"start":{"line":69,"column":2},"end":{"line":69,"column":52}},"23":{"start":{"line":78,"column":27},"end":{"line":88,"column":1}},"24":{"start":{"line":79,"column":19},"end":{"line":79,"column":21}},"25":{"start":{"line":80,"column":2},"end":{"line":86,"column":3}},"26":{"start":{"line":80,"column":19},"end":{"line":80,"column":20}},"27":{"start":{"line":81,"column":21},"end":{"line":81,"column":38}},"28":{"start":{"line":82,"column":4},"end":{"line":85,"column":7}},"29":{"start":{"line":87,"column":2},"end":{"line":87,"column":20}},"30":{"start":{"line":95,"column":30},"end":{"line":103,"column":1}},"31":{"start":{"line":96,"column":2},"end":{"line":98,"column":3}},"32":{"start":{"line":97,"column":4},"end":{"line":97,"column":33}},"33":{"start":{"line":99,"column":2},"end":{"line":101,"column":3}},"34":{"start":{"line":100,"column":4},"end":{"line":100,"column":32}},"35":{"start":{"line":102,"column":2},"end":{"line":102,"column":23}}},"fnMap":{"0":{"name":"(anonymous_0)","decl":{"start":{"line":11,"column":29},"end":{"line":11,"column":30}},"loc":{"start":{"line":11,"column":41},"end":{"line":15,"column":1}},"line":11},"1":{"name":"(anonymous_1)","decl":{"start":{"line":22,"column":34},"end":{"line":22,"column":35}},"loc":{"start":{"line":22,"column":66},"end":{"line":54,"column":1}},"line":22},"2":{"name":"(anonymous_2)","decl":{"start":{"line":61,"column":34},"end":{"line":61,"column":35}},"loc":{"start":{"line":61,"column":63},"end":{"line":70,"column":1}},"line":61},"3":{"name":"(anonymous_3)","decl":{"start":{"line":78,"column":27},"end":{"line":78,"column":28}},"loc":{"start":{"line":78,"column":74},"end":{"line":88,"column":1}},"line":78},"4":{"name":"(anonymous_4)","decl":{"start":{"line":95,"column":30},"end":{"line":95,"column":31}},"loc":{"start":{"line":95,"column":47},"end":{"line":103,"column":1}},"line":95}},"branchMap":{"0":{"loc":{"start":{"line":13,"column":44},"end":{"line":13,"column":63}},"type":"binary-expr","locations":[{"start":{"line":13,"column":44},"end":{"line":13,"column":50}},{"start":{"line":13,"column":54},"end":{"line":13,"column":63}}],"line":13},"1":{"loc":{"start":{"line":22,"column":49},"end":{"line":22,"column":61}},"type":"default-arg","locations":[{"start":{"line":22,"column":59},"end":{"line":22,"column":61}}],"line":22},"2":{"loc":{"start":{"line":30,"column":2},"end":{"line":38,"column":3}},"type":"if","locations":[{"start":{"line":30,"column":2},"end":{"line":38,"column":3}},{"start":{},"end":{}}],"line":30},"3":{"loc":{"start":{"line":46,"column":2},"end":{"line":53,"column":3}},"type":"if","locations":[{"start":{"line":46,"column":2},"end":{"line":53,"column":3}},{"start":{"line":50,"column":9},"end":{"line":53,"column":3}}],"line":46},"4":{"loc":{"start":{"line":61,"column":46},"end":{"line":61,"column":58}},"type":"default-arg","locations":[{"start":{"line":61,"column":57},"end":{"line":61,"column":58}}],"line":61},"5":{"loc":{"start":{"line":62,"column":10},"end":{"line":62,"column":24}},"type":"default-arg","locations":[{"start":{"line":62,"column":22},"end":{"line":62,"column":24}}],"line":62},"6":{"loc":{"start":{"line":66,"column":2},"end":{"line":68,"column":3}},"type":"if","locations":[{"start":{"line":66,"column":2},"end":{"line":68,"column":3}},{"start":{},"end":{}}],"line":66},"7":{"loc":{"start":{"line":78,"column":39},"end":{"line":78,"column":52}},"type":"default-arg","locations":[{"start":{"line":78,"column":51},"end":{"line":78,"column":52}}],"line":78},"8":{"loc":{"start":{"line":78,"column":54},"end":{"line":78,"column":69}},"type":"default-arg","locations":[{"start":{"line":78,"column":68},"end":{"line":78,"column":69}}],"line":78},"9":{"loc":{"start":{"line":96,"column":2},"end":{"line":98,"column":3}},"type":"if","locations":[{"start":{"line":96,"column":2},"end":{"line":98,"column":3}},{"start":{},"end":{}}],"line":96},"10":{"loc":{"start":{"line":96,"column":6},"end":{"line":96,"column":71}},"type":"binary-expr","locations":[{"start":{"line":96,"column":6},"end":{"line":96,"column":53}},{"start":{"line":96,"column":57},"end":{"line":96,"column":71}}],"line":96},"11":{"loc":{"start":{"line":99,"column":2},"end":{"line":101,"column":3}},"type":"if","locations":[{"start":{"line":99,"column":2},"end":{"line":101,"column":3}},{"start":{},"end":{}}],"line":99}},"s":{"0":1,"1":3,"2":3,"3":3,"4":1,"5":3,"6":3,"7":3,"8":1,"9":1,"10":2,"11":2,"12":2,"13":2,"14":2,"15":2,"16":0,"17":0,"18":1,"19":4,"20":4,"21":1,"22":3,"23":1,"24":1,"25":1,"26":1,"27":2,"28":2,"29":1,"30":1,"31":5,"32":2,"33":3,"34":1,"35":2},"f":{"0":3,"1":3,"2":4,"3":1,"4":5},"b":{"0":[3,0],"1":[0],"2":[1,2],"3":[2,0],"4":[0],"5":[1],"6":[1,3],"7":[0],"8":[0],"9":[2,3],"10":[5,4],"11":[1,2]},"_coverageSchema":"1a1c01bbd47fc00a2c39e90264f33305004495a9","hash":"943e728819d7a172b5fc64811e70aee11ae0ddd4"}
,"/Volumes/Development/Crypto/mobile-wallet-2/casperdash-mobile-wallet/src/utils/services/stakeServices.js": {"path":"/Volumes/Development/Crypto/mobile-wallet-2/casperdash-mobile-wallet/src/utils/services/stakeServices.js","statementMap":{"0":{"start":{"line":19,"column":25},"end":{"line":29,"column":1}},"1":{"start":{"line":20,"column":23},"end":{"line":20,"column":77}},"2":{"start":{"line":21,"column":22},"end":{"line":21,"column":47}},"3":{"start":{"line":22,"column":18},"end":{"line":26,"column":3}},"4":{"start":{"line":27,"column":18},"end":{"line":27,"column":59}},"5":{"start":{"line":28,"column":2},"end":{"line":28,"column":63}},"6":{"start":{"line":35,"column":30},"end":{"line":58,"column":1}},"7":{"start":{"line":42,"column":2},"end":{"line":57,"column":3}},"8":{"start":{"line":43,"column":22},"end":{"line":43,"column":54}},"9":{"start":{"line":44,"column":24},"end":{"line":44,"column":54}},"10":{"start":{"line":45,"column":4},"end":{"line":54,"column":6}},"11":{"start":{"line":56,"column":4},"end":{"line":56,"column":51}}},"fnMap":{"0":{"name":"(anonymous_0)","decl":{"start":{"line":19,"column":25},"end":{"line":19,"column":26}},"loc":{"start":{"line":19,"column":75},"end":{"line":29,"column":1}},"line":19},"1":{"name":"(anonymous_1)","decl":{"start":{"line":35,"column":30},"end":{"line":35,"column":31}},"loc":{"start":{"line":41,"column":6},"end":{"line":58,"column":1}},"line":41}},"branchMap":{"0":{"loc":{"start":{"line":40,"column":2},"end":{"line":40,"column":35}},"type":"default-arg","locations":[{"start":{"line":40,"column":15},"end":{"line":40,"column":35}}],"line":40}},"s":{"0":1,"1":1,"2":1,"3":1,"4":1,"5":1,"6":1,"7":2,"8":2,"9":2,"10":2,"11":1},"f":{"0":1,"1":2},"b":{"0":[2]},"_coverageSchema":"1a1c01bbd47fc00a2c39e90264f33305004495a9","hash":"2ba137e20f20a2bd2a066a13f36a155edef1bc4f"}
,"/Volumes/Development/Crypto/mobile-wallet-2/casperdash-mobile-wallet/src/utils/services/tokenServices.js": {"path":"/Volumes/Development/Crypto/mobile-wallet-2/casperdash-mobile-wallet/src/utils/services/tokenServices.js","statementMap":{"0":{"start":{"line":9,"column":38},"end":{"line":31,"column":1}},"1":{"start":{"line":10,"column":2},"end":{"line":30,"column":3}},"2":{"start":{"line":17,"column":8},"end":{"line":17,"column":25}},"3":{"start":{"line":18,"column":34},"end":{"line":18,"column":46}},"4":{"start":{"line":19,"column":22},"end":{"line":19,"column":54}},"5":{"start":{"line":20,"column":20},"end":{"line":20,"column":50}},"6":{"start":{"line":21,"column":4},"end":{"line":27,"column":6}},"7":{"start":{"line":29,"column":4},"end":{"line":29,"column":60}}},"fnMap":{"0":{"name":"(anonymous_0)","decl":{"start":{"line":9,"column":38},"end":{"line":9,"column":39}},"loc":{"start":{"line":9,"column":66},"end":{"line":31,"column":1}},"line":9}},"branchMap":{"0":{"loc":{"start":{"line":9,"column":39},"end":{"line":9,"column":61}},"type":"default-arg","locations":[{"start":{"line":9,"column":59},"end":{"line":9,"column":61}}],"line":9},"1":{"loc":{"start":{"line":15,"column":6},"end":{"line":15,"column":23}},"type":"default-arg","locations":[{"start":{"line":15,"column":21},"end":{"line":15,"column":23}}],"line":15}},"s":{"0":1,"1":1,"2":1,"3":1,"4":1,"5":1,"6":1,"7":0},"f":{"0":1},"b":{"0":[0],"1":[0]},"_coverageSchema":"1a1c01bbd47fc00a2c39e90264f33305004495a9","hash":"8742e09f4d216f9f5b080f496b311164e8ac4a85"}
,"/Volumes/Development/Crypto/mobile-wallet-2/casperdash-mobile-wallet/src/utils/services/userServices.js": {"path":"/Volumes/Development/Crypto/mobile-wallet-2/casperdash-mobile-wallet/src/utils/services/userServices.js","statementMap":{"0":{"start":{"line":10,"column":33},"end":{"line":31,"column":1}},"1":{"start":{"line":11,"column":2},"end":{"line":30,"column":3}},"2":{"start":{"line":18,"column":8},"end":{"line":18,"column":25}},"3":{"start":{"line":19,"column":22},"end":{"line":19,"column":54}},"4":{"start":{"line":20,"column":20},"end":{"line":20,"column":50}},"5":{"start":{"line":21,"column":4},"end":{"line":27,"column":6}},"6":{"start":{"line":29,"column":4},"end":{"line":29,"column":56}}},"fnMap":{"0":{"name":"(anonymous_0)","decl":{"start":{"line":10,"column":33},"end":{"line":10,"column":34}},"loc":{"start":{"line":10,"column":61},"end":{"line":31,"column":1}},"line":10}},"branchMap":{"0":{"loc":{"start":{"line":10,"column":34},"end":{"line":10,"column":56}},"type":"default-arg","locations":[{"start":{"line":10,"column":54},"end":{"line":10,"column":56}}],"line":10},"1":{"loc":{"start":{"line":16,"column":6},"end":{"line":16,"column":20}},"type":"default-arg","locations":[{"start":{"line":16,"column":19},"end":{"line":16,"column":20}}],"line":16}},"s":{"0":1,"1":2,"2":2,"3":2,"4":1,"5":1,"6":1},"f":{"0":2},"b":{"0":[1],"1":[1]},"_coverageSchema":"1a1c01bbd47fc00a2c39e90264f33305004495a9","hash":"7fc44f2bdd08af8b6d42303232928abc0ad889ed"}
}
