TN:
SF:src/utils/config/env.testnet.js
FNF:0
FNH:0
DA:1,8
LF:1
LH:1
BRF:0
BRH:0
end_of_record
TN:
SF:src/utils/config/index.js
FNF:0
FNH:0
DA:1,8
LF:1
LH:1
BRDA:1,0,0,8
BRDA:1,0,1,0
BRF:2
BRH:1
end_of_record
TN:
SF:src/utils/constants/key.js
FNF:0
FNH:0
DA:3,8
DA:4,8
DA:5,8
DA:6,8
DA:7,8
DA:8,8
DA:9,8
DA:10,8
DA:11,8
DA:12,8
DA:13,8
DA:14,8
DA:15,8
DA:16,8
DA:17,8
DA:18,8
DA:19,8
DA:20,8
DA:21,8
DA:22,8
DA:23,8
LF:21
LH:21
BRF:0
BRH:0
end_of_record
TN:
SF:src/utils/constants/ledger.js
FNF:0
FNH:0
DA:1,1
DA:2,1
DA:4,1
DA:6,1
LF:4
LH:4
BRF:0
BRH:0
end_of_record
TN:
SF:src/utils/constants/nft.js
FNF:0
FNH:0
DA:1,1
LF:1
LH:1
BRF:0
BRH:0
end_of_record
TN:
SF:src/utils/constants/stack.js
FNF:0
FNH:0
DA:3,1
LF:1
LH:1
BRF:0
BRH:0
end_of_record
TN:
SF:src/utils/helpers/balance.js
FN:8,(anonymous_0)
FN:13,(anonymous_1)
FNF:2
FNH:2
FNDA:2,(anonymous_0)
FNDA:2,(anonymous_1)
DA:8,1
DA:9,2
DA:10,2
DA:13,1
DA:14,2
LF:5
LH:5
BRF:0
BRH:0
end_of_record
TN:
SF:src/utils/helpers/currency.js
FN:16,(anonymous_0)
FN:34,(anonymous_1)
FNF:2
FNH:2
FNDA:8,(anonymous_0)
FNDA:2,(anonymous_1)
DA:16,3
DA:17,8
DA:18,8
DA:22,6
DA:24,2
DA:34,3
DA:35,2
DA:36,2
DA:40,1
DA:42,1
LF:10
LH:10
BRF:0
BRH:0
end_of_record
TN:
SF:src/utils/helpers/format.js
FN:11,(anonymous_0)
FN:30,(anonymous_1)
FN:51,(anonymous_2)
FN:68,(anonymous_3)
FN:77,(anonymous_4)
FN:100,(anonymous_5)
FN:104,(anonymous_6)
FN:127,(anonymous_7)
FNF:8
FNH:7
FNDA:9,(anonymous_0)
FNDA:4,(anonymous_1)
FNDA:1,(anonymous_2)
FNDA:2,(anonymous_3)
FNDA:10,(anonymous_4)
FNDA:2,(anonymous_5)
FNDA:5,(anonymous_6)
FNDA:0,(anonymous_7)
DA:11,1
DA:16,9
DA:20,9
DA:30,1
DA:35,4
DA:39,4
DA:51,1
DA:56,1
DA:58,1
DA:59,0
DA:61,1
DA:68,1
DA:69,2
DA:77,1
DA:78,10
DA:79,1
DA:81,9
DA:82,2
DA:83,7
DA:84,2
DA:85,5
DA:86,4
DA:87,4
DA:88,2
DA:90,2
DA:91,2
DA:100,1
DA:101,2
DA:104,1
DA:105,5
DA:106,5
DA:108,1
DA:110,1
DA:112,0
DA:114,1
DA:117,1
DA:123,1
DA:127,1
DA:128,0
DA:129,0
DA:130,0
DA:131,0
DA:132,0
DA:133,0
DA:134,0
DA:135,0
DA:136,0
DA:137,0
DA:138,0
DA:139,0
DA:141,0
LF:51
LH:36
BRDA:12,0,0,0
BRDA:13,1,0,4
BRDA:14,2,0,9
BRDA:20,3,0,9
BRDA:20,3,1,0
BRDA:31,4,0,0
BRDA:32,5,0,1
BRDA:33,6,0,4
BRDA:53,7,0,1
BRDA:54,8,0,0
BRDA:58,9,0,0
BRDA:58,9,1,1
BRDA:69,10,0,1
BRDA:69,10,1,1
BRDA:69,11,0,2
BRDA:69,11,1,1
BRDA:78,12,0,1
BRDA:78,12,1,9
BRDA:81,13,0,2
BRDA:81,13,1,7
BRDA:83,14,0,2
BRDA:83,14,1,5
BRDA:85,15,0,4
BRDA:85,15,1,1
BRDA:87,16,0,2
BRDA:87,16,1,2
BRDA:106,17,0,1
BRDA:106,17,1,1
BRDA:106,17,2,0
BRDA:106,17,3,1
BRDA:106,17,4,1
BRDA:106,17,5,1
BRDA:128,18,0,0
BRDA:128,18,1,0
BRF:34
BRH:26
end_of_record
TN:
SF:src/utils/helpers/identicon.js
FN:3,(anonymous_0)
FNF:1
FNH:1
FNDA:2,(anonymous_0)
DA:3,1
DA:4,2
DA:5,2
DA:11,1
LF:4
LH:4
BRDA:3,0,0,2
BRF:1
BRH:1
end_of_record
TN:
SF:src/utils/helpers/key.js
FN:4,(anonymous_0)
FN:12,(anonymous_1)
FNF:2
FNH:2
FNDA:3,(anonymous_0)
FNDA:3,(anonymous_1)
DA:3,1
DA:4,3
DA:12,1
DA:13,3
LF:4
LH:4
BRDA:12,0,0,0
BRF:1
BRH:0
end_of_record
TN:
SF:src/utils/helpers/validator.js
FN:10,(anonymous_0)
FN:23,(anonymous_1)
FN:45,(anonymous_2)
FN:60,(anonymous_3)
FN:65,(anonymous_4)
FN:92,(anonymous_5)
FN:131,(anonymous_6)
FN:156,(anonymous_7)
FNF:8
FNH:8
FNDA:13,(anonymous_0)
FNDA:5,(anonymous_1)
FNDA:25,(anonymous_2)
FNDA:2,(anonymous_3)
FNDA:9,(anonymous_4)
FNDA:9,(anonymous_5)
FNDA:3,(anonymous_6)
FNDA:4,(anonymous_7)
DA:10,1
DA:11,13
DA:12,13
DA:13,9
DA:15,4
DA:23,1
DA:24,5
DA:25,5
DA:26,1
DA:28,5
DA:29,1
DA:31,5
DA:32,1
DA:34,5
DA:39,1
DA:41,5
DA:42,1
DA:45,5
DA:46,25
DA:47,25
DA:48,25
DA:49,1
DA:51,25
DA:52,1
DA:56,5
DA:59,1
DA:60,2
DA:65,1
DA:72,9
DA:73,1
DA:75,8
DA:76,1
DA:78,7
DA:79,1
DA:81,6
DA:82,2
DA:84,4
DA:92,1
DA:101,9
DA:103,9
DA:104,1
DA:106,9
DA:107,1
DA:110,9
DA:117,9
DA:118,5
DA:121,9
DA:122,1
DA:124,9
DA:131,1
DA:138,3
DA:139,3
DA:140,1
DA:141,2
DA:142,1
DA:145,3
DA:146,1
DA:149,3
DA:156,1
DA:164,4
DA:165,4
DA:166,1
DA:167,3
DA:168,1
DA:169,2
DA:170,2
DA:173,4
DA:174,1
DA:177,4
LF:69
LH:69
BRDA:13,0,0,9
BRDA:13,0,1,0
BRDA:25,1,0,1
BRDA:25,1,1,4
BRDA:28,2,0,1
BRDA:28,2,1,4
BRDA:31,3,0,1
BRDA:31,3,1,4
BRDA:34,4,0,1
BRDA:34,4,1,4
BRDA:35,5,0,5
BRDA:35,5,1,4
BRDA:35,5,2,3
BRDA:41,6,0,1
BRDA:41,6,1,4
BRDA:41,7,0,5
BRDA:41,7,1,1
BRDA:48,8,0,1
BRDA:48,8,1,24
BRDA:48,9,0,25
BRDA:48,9,1,1
BRDA:51,10,0,1
BRDA:51,10,1,24
BRDA:51,11,0,25
BRDA:51,11,1,1
BRDA:72,12,0,1
BRDA:72,12,1,8
BRDA:72,13,0,9
BRDA:72,13,1,2
BRDA:75,14,0,1
BRDA:75,14,1,7
BRDA:78,15,0,1
BRDA:78,15,1,6
BRDA:81,16,0,2
BRDA:81,16,1,4
BRDA:81,17,0,6
BRDA:81,17,1,2
BRDA:103,18,0,1
BRDA:103,18,1,8
BRDA:106,19,0,1
BRDA:106,19,1,8
BRDA:106,20,0,9
BRDA:106,20,1,8
BRDA:117,21,0,5
BRDA:117,21,1,4
BRDA:121,22,0,1
BRDA:121,22,1,8
BRDA:139,23,0,1
BRDA:139,23,1,2
BRDA:141,24,0,1
BRDA:141,24,1,1
BRDA:145,25,0,1
BRDA:145,25,1,2
BRDA:165,26,0,1
BRDA:165,26,1,3
BRDA:167,27,0,1
BRDA:167,27,1,2
BRDA:169,28,0,2
BRDA:169,28,1,0
BRDA:173,29,0,1
BRDA:173,29,1,3
BRF:61
BRH:59
end_of_record
TN:
SF:src/utils/services/casperServices.js
FN:26,(anonymous_0)
FN:50,(anonymous_1)
FN:64,(anonymous_2)
FN:82,(anonymous_3)
FN:94,(anonymous_4)
FN:125,(anonymous_5)
FN:138,(anonymous_6)
FN:153,(anonymous_7)
FNF:8
FNH:6
FNDA:1,(anonymous_0)
FNDA:1,(anonymous_1)
FNDA:1,(anonymous_2)
FNDA:2,(anonymous_3)
FNDA:2,(anonymous_4)
FNDA:2,(anonymous_5)
FNDA:0,(anonymous_6)
FNDA:0,(anonymous_7)
DA:26,1
DA:33,1
DA:34,1
DA:40,1
DA:41,1
DA:50,1
DA:51,1
DA:52,1
DA:53,1
DA:64,1
DA:69,1
DA:70,1
DA:75,1
DA:82,1
DA:83,2
DA:94,1
DA:101,2
DA:102,2
DA:109,2
DA:117,2
DA:118,2
DA:125,1
DA:126,2
DA:127,2
DA:129,1
DA:138,1
DA:139,0
DA:143,0
DA:144,0
DA:146,0
DA:153,1
DA:154,0
LF:32
LH:27
BRF:0
BRH:0
end_of_record
TN:
SF:src/utils/services/ledgerServices.js
FN:11,(anonymous_0)
FN:22,(anonymous_1)
FN:61,(anonymous_2)
FN:78,(anonymous_3)
FN:95,(anonymous_4)
FNF:5
FNH:5
FNDA:3,(anonymous_0)
FNDA:3,(anonymous_1)
FNDA:4,(anonymous_2)
FNDA:1,(anonymous_3)
FNDA:5,(anonymous_4)
DA:11,1
DA:12,3
DA:13,3
DA:14,3
DA:22,1
DA:23,3
DA:25,3
DA:30,3
DA:31,1
DA:32,1
DA:40,2
DA:45,2
DA:46,2
DA:47,2
DA:48,2
DA:49,2
DA:51,0
DA:52,0
DA:61,1
DA:62,4
DA:66,4
DA:67,1
DA:69,3
DA:78,1
DA:79,1
DA:80,1
DA:81,2
DA:82,2
DA:87,1
DA:95,1
DA:96,5
DA:97,2
DA:99,3
DA:100,1
DA:102,2
LF:35
LH:33
BRDA:13,0,0,3
BRDA:13,0,1,0
BRDA:22,1,0,0
BRDA:30,2,0,1
BRDA:30,2,1,2
BRDA:46,3,0,2
BRDA:46,3,1,0
BRDA:61,4,0,0
BRDA:62,5,0,1
BRDA:66,6,0,1
BRDA:66,6,1,3
BRDA:78,7,0,0
BRDA:78,8,0,0
BRDA:96,9,0,2
BRDA:96,9,1,3
BRDA:96,10,0,5
BRDA:96,10,1,4
BRDA:99,11,0,1
BRDA:99,11,1,2
BRF:19
BRH:13
end_of_record
TN:
SF:src/utils/services/stakeServices.js
FN:19,(anonymous_0)
FN:35,(anonymous_1)
FNF:2
FNH:2
FNDA:1,(anonymous_0)
FNDA:2,(anonymous_1)
DA:19,1
DA:20,1
DA:21,1
DA:22,1
DA:27,1
DA:28,1
DA:35,1
DA:42,2
DA:43,2
DA:44,2
DA:45,2
DA:56,1
LF:12
LH:12
BRDA:40,0,0,2
BRF:1
BRH:1
end_of_record
TN:
SF:src/utils/services/tokenServices.js
FN:9,(anonymous_0)
FNF:1
FNH:1
FNDA:1,(anonymous_0)
DA:9,1
DA:10,1
DA:17,1
DA:18,1
DA:19,1
DA:20,1
DA:21,1
DA:29,0
LF:8
LH:7
BRDA:9,0,0,0
BRDA:15,1,0,0
BRF:2
BRH:0
end_of_record
TN:
SF:src/utils/services/userServices.js
FN:10,(anonymous_0)
FNF:1
FNH:1
FNDA:2,(anonymous_0)
DA:10,1
DA:11,2
DA:18,2
DA:19,2
DA:20,1
DA:21,1
DA:29,1
LF:7
LH:7
BRDA:10,0,0,1
BRDA:16,1,0,1
BRF:2
BRH:2
end_of_record
