TN:
SF:src/utils/config/env.mainnet.js
FNF:0
FNH:0
DA:1,8
LF:1
LH:1
BRF:0
BRH:0
end_of_record
TN:
SF:src/utils/config/index.js
FNF:0
FNH:0
DA:1,8
LF:1
LH:1
BRF:0
BRH:0
end_of_record
TN:
SF:src/utils/constants/key.ts
FNF:0
FNH:0
DA:3,8
DA:4,8
DA:5,8
DA:6,8
DA:7,8
DA:8,8
DA:9,8
DA:10,8
DA:11,8
DA:12,8
DA:13,8
DA:14,8
DA:15,8
DA:16,8
DA:17,8
DA:18,8
DA:19,8
DA:20,8
DA:21,8
DA:22,8
DA:23,8
DA:24,8
DA:25,8
DA:26,8
DA:27,8
DA:28,8
LF:26
LH:26
BRF:0
BRH:0
end_of_record
TN:
SF:src/utils/constants/ledger.ts
FNF:0
FNH:0
DA:1,1
DA:2,1
DA:4,1
DA:6,1
LF:4
LH:4
BRF:0
BRH:0
end_of_record
TN:
SF:src/utils/constants/nft.ts
FNF:0
FNH:0
DA:1,1
LF:1
LH:1
BRF:0
BRH:0
end_of_record
TN:
SF:src/utils/constants/stack.ts
FNF:0
FNH:0
DA:3,1
LF:1
LH:1
BRF:0
BRH:0
end_of_record
TN:
SF:src/utils/helpers/balance.ts
FN:8,(anonymous_0)
FN:18,(anonymous_1)
FNF:2
FNH:2
FNDA:2,(anonymous_0)
FNDA:2,(anonymous_1)
DA:8,1
DA:9,2
DA:10,2
DA:18,1
DA:19,2
LF:5
LH:5
BRF:0
BRH:0
end_of_record
TN:
SF:src/utils/helpers/currency.ts
FN:17,(anonymous_0)
FN:35,(anonymous_1)
FNF:2
FNH:2
FNDA:8,(anonymous_0)
FNDA:2,(anonymous_1)
DA:17,3
DA:18,8
DA:19,8
DA:23,6
DA:25,2
DA:35,3
DA:36,2
DA:37,2
DA:41,1
DA:43,1
LF:10
LH:10
BRF:0
BRH:0
end_of_record
TN:
SF:src/utils/helpers/format.ts
FN:11,(anonymous_0)
FN:30,(anonymous_1)
FN:51,(anonymous_2)
FN:68,(anonymous_3)
FN:77,(anonymous_4)
FN:100,(anonymous_5)
FN:110,(anonymous_6)
FN:137,(anonymous_7)
FNF:8
FNH:7
FNDA:9,(anonymous_0)
FNDA:4,(anonymous_1)
FNDA:1,(anonymous_2)
FNDA:2,(anonymous_3)
FNDA:10,(anonymous_4)
FNDA:2,(anonymous_5)
FNDA:5,(anonymous_6)
FNDA:0,(anonymous_7)
DA:11,1
DA:16,9
DA:20,9
DA:30,1
DA:35,4
DA:39,4
DA:51,1
DA:56,1
DA:58,1
DA:59,0
DA:61,1
DA:68,1
DA:69,2
DA:77,1
DA:78,10
DA:79,1
DA:81,9
DA:82,2
DA:83,7
DA:84,2
DA:85,5
DA:86,4
DA:87,4
DA:88,2
DA:90,2
DA:91,2
DA:100,1
DA:101,2
DA:110,1
DA:111,5
DA:112,5
DA:114,1
DA:116,1
DA:118,0
DA:120,1
DA:123,1
DA:129,1
DA:137,1
DA:138,0
DA:139,0
DA:140,0
DA:141,0
DA:142,0
DA:143,0
DA:144,0
DA:145,0
DA:146,0
DA:147,0
DA:148,0
DA:149,0
DA:151,0
LF:51
LH:36
BRDA:12,0,0,0
BRDA:13,1,0,4
BRDA:14,2,0,9
BRDA:20,3,0,9
BRDA:20,3,1,0
BRDA:31,4,0,0
BRDA:32,5,0,1
BRDA:33,6,0,4
BRDA:53,7,0,1
BRDA:54,8,0,0
BRDA:58,9,0,0
BRDA:58,9,1,1
BRDA:69,10,0,1
BRDA:69,10,1,1
BRDA:69,11,0,2
BRDA:69,11,1,1
BRDA:78,12,0,1
BRDA:78,12,1,9
BRDA:81,13,0,2
BRDA:81,13,1,7
BRDA:83,14,0,2
BRDA:83,14,1,5
BRDA:85,15,0,4
BRDA:85,15,1,1
BRDA:87,16,0,2
BRDA:87,16,1,2
BRDA:112,17,0,1
BRDA:112,17,1,1
BRDA:112,17,2,0
BRDA:112,17,3,1
BRDA:112,17,4,1
BRDA:112,17,5,1
BRDA:138,18,0,0
BRDA:138,18,1,0
BRF:34
BRH:26
end_of_record
TN:
SF:src/utils/helpers/identicon.ts
FN:9,(anonymous_0)
FNF:1
FNH:1
FNDA:2,(anonymous_0)
DA:9,1
DA:10,2
DA:11,2
DA:17,1
LF:4
LH:4
BRDA:9,0,0,2
BRF:1
BRH:1
end_of_record
TN:
SF:src/utils/helpers/key.ts
FN:4,(anonymous_0)
FN:12,(anonymous_1)
FNF:2
FNH:2
FNDA:3,(anonymous_0)
FNDA:3,(anonymous_1)
DA:3,1
DA:4,3
DA:12,1
DA:13,3
LF:4
LH:4
BRDA:12,0,0,0
BRF:1
BRH:0
end_of_record
TN:
SF:src/utils/helpers/validator.ts
FN:10,(anonymous_0)
FN:23,(anonymous_1)
FN:45,(anonymous_2)
FN:60,(anonymous_3)
FN:66,(anonymous_4)
FN:99,(anonymous_5)
FN:146,(anonymous_6)
FN:177,(anonymous_7)
FNF:8
FNH:8
FNDA:13,(anonymous_0)
FNDA:5,(anonymous_1)
FNDA:25,(anonymous_2)
FNDA:2,(anonymous_3)
FNDA:9,(anonymous_4)
FNDA:9,(anonymous_5)
FNDA:3,(anonymous_6)
FNDA:4,(anonymous_7)
DA:10,1
DA:11,13
DA:12,13
DA:13,9
DA:15,4
DA:23,1
DA:24,5
DA:25,5
DA:26,1
DA:28,5
DA:29,1
DA:31,5
DA:32,1
DA:34,5
DA:39,1
DA:41,5
DA:42,1
DA:45,5
DA:46,25
DA:47,25
DA:48,25
DA:49,1
DA:51,25
DA:52,1
DA:56,5
DA:59,1
DA:61,2
DA:66,1
DA:79,9
DA:80,1
DA:82,8
DA:83,1
DA:85,7
DA:86,1
DA:88,6
DA:89,2
DA:91,4
DA:99,1
DA:116,9
DA:118,9
DA:119,1
DA:121,9
DA:122,1
DA:125,9
DA:132,9
DA:133,5
DA:136,9
DA:137,1
DA:139,9
DA:146,1
DA:159,3
DA:160,3
DA:161,1
DA:162,2
DA:163,1
DA:166,3
DA:167,1
DA:170,3
DA:177,1
DA:192,4
DA:193,4
DA:194,1
DA:195,3
DA:196,1
DA:197,2
DA:198,2
DA:201,4
DA:202,1
DA:205,4
LF:69
LH:69
BRDA:13,0,0,9
BRDA:13,0,1,0
BRDA:25,1,0,1
BRDA:25,1,1,4
BRDA:28,2,0,1
BRDA:28,2,1,4
BRDA:31,3,0,1
BRDA:31,3,1,4
BRDA:34,4,0,1
BRDA:34,4,1,4
BRDA:35,5,0,5
BRDA:35,5,1,4
BRDA:35,5,2,3
BRDA:41,6,0,1
BRDA:41,6,1,4
BRDA:41,7,0,5
BRDA:41,7,1,1
BRDA:48,8,0,1
BRDA:48,8,1,24
BRDA:48,9,0,25
BRDA:48,9,1,1
BRDA:51,10,0,1
BRDA:51,10,1,24
BRDA:51,11,0,25
BRDA:51,11,1,1
BRDA:79,12,0,1
BRDA:79,12,1,8
BRDA:79,13,0,9
BRDA:79,13,1,2
BRDA:82,14,0,1
BRDA:82,14,1,7
BRDA:85,15,0,1
BRDA:85,15,1,6
BRDA:88,16,0,2
BRDA:88,16,1,4
BRDA:88,17,0,6
BRDA:88,17,1,2
BRDA:118,18,0,1
BRDA:118,18,1,8
BRDA:121,19,0,1
BRDA:121,19,1,8
BRDA:121,20,0,9
BRDA:121,20,1,8
BRDA:132,21,0,5
BRDA:132,21,1,4
BRDA:136,22,0,1
BRDA:136,22,1,8
BRDA:160,23,0,1
BRDA:160,23,1,2
BRDA:162,24,0,1
BRDA:162,24,1,1
BRDA:166,25,0,1
BRDA:166,25,1,2
BRDA:193,26,0,1
BRDA:193,26,1,3
BRDA:195,27,0,1
BRDA:195,27,1,2
BRDA:197,28,0,2
BRDA:197,28,1,0
BRDA:201,29,0,1
BRDA:201,29,1,3
BRF:61
BRH:59
end_of_record
TN:
SF:src/utils/services/casperServices.js
FN:26,(anonymous_0)
FN:50,(anonymous_1)
FN:64,(anonymous_2)
FN:82,(anonymous_3)
FN:94,(anonymous_4)
FN:125,(anonymous_5)
FN:138,(anonymous_6)
FN:153,(anonymous_7)
FNF:8
FNH:6
FNDA:1,(anonymous_0)
FNDA:1,(anonymous_1)
FNDA:1,(anonymous_2)
FNDA:2,(anonymous_3)
FNDA:2,(anonymous_4)
FNDA:2,(anonymous_5)
FNDA:0,(anonymous_6)
FNDA:0,(anonymous_7)
DA:26,1
DA:33,1
DA:34,1
DA:40,1
DA:41,1
DA:50,1
DA:51,1
DA:52,1
DA:53,1
DA:64,1
DA:69,1
DA:70,1
DA:75,1
DA:82,1
DA:83,2
DA:94,1
DA:101,2
DA:102,2
DA:109,2
DA:117,2
DA:118,2
DA:125,1
DA:126,2
DA:127,2
DA:129,1
DA:138,1
DA:139,0
DA:143,0
DA:144,0
DA:146,0
DA:153,1
DA:154,0
LF:32
LH:27
BRF:0
BRH:0
end_of_record
TN:
SF:src/utils/services/ledgerServices.js
FN:11,(anonymous_0)
FN:22,(anonymous_1)
FN:61,(anonymous_2)
FN:78,(anonymous_3)
FN:95,(anonymous_4)
FNF:5
FNH:5
FNDA:3,(anonymous_0)
FNDA:3,(anonymous_1)
FNDA:4,(anonymous_2)
FNDA:1,(anonymous_3)
FNDA:5,(anonymous_4)
DA:11,1
DA:12,3
DA:13,3
DA:14,3
DA:22,1
DA:23,3
DA:25,3
DA:30,3
DA:31,1
DA:32,1
DA:40,2
DA:45,2
DA:46,2
DA:47,2
DA:48,2
DA:49,2
DA:51,0
DA:52,0
DA:61,1
DA:62,4
DA:66,4
DA:67,1
DA:69,3
DA:78,1
DA:79,1
DA:80,1
DA:81,2
DA:82,2
DA:87,1
DA:95,1
DA:96,5
DA:97,2
DA:99,3
DA:100,1
DA:102,2
LF:35
LH:33
BRDA:13,0,0,3
BRDA:13,0,1,0
BRDA:22,1,0,0
BRDA:30,2,0,1
BRDA:30,2,1,2
BRDA:46,3,0,2
BRDA:46,3,1,0
BRDA:61,4,0,0
BRDA:62,5,0,1
BRDA:66,6,0,1
BRDA:66,6,1,3
BRDA:78,7,0,0
BRDA:78,8,0,0
BRDA:96,9,0,2
BRDA:96,9,1,3
BRDA:96,10,0,5
BRDA:96,10,1,4
BRDA:99,11,0,1
BRDA:99,11,1,2
BRF:19
BRH:13
end_of_record
TN:
SF:src/utils/services/stakeServices.js
FN:19,(anonymous_0)
FN:35,(anonymous_1)
FNF:2
FNH:2
FNDA:1,(anonymous_0)
FNDA:2,(anonymous_1)
DA:19,1
DA:20,1
DA:21,1
DA:22,1
DA:27,1
DA:28,1
DA:35,1
DA:42,2
DA:43,2
DA:44,2
DA:45,2
DA:56,1
LF:12
LH:12
BRDA:40,0,0,2
BRF:1
BRH:1
end_of_record
TN:
SF:src/utils/services/tokenServices.js
FN:9,(anonymous_0)
FNF:1
FNH:1
FNDA:1,(anonymous_0)
DA:9,1
DA:10,1
DA:17,1
DA:18,1
DA:19,1
DA:20,1
DA:21,1
DA:29,0
LF:8
LH:7
BRDA:9,0,0,0
BRDA:15,1,0,0
BRF:2
BRH:0
end_of_record
TN:
SF:src/utils/services/userServices.js
FN:10,(anonymous_0)
FNF:1
FNH:1
FNDA:2,(anonymous_0)
DA:10,1
DA:11,2
DA:18,2
DA:19,2
DA:20,1
DA:21,1
DA:29,1
LF:7
LH:7
BRDA:10,0,0,1
BRDA:16,1,0,1
BRF:2
BRH:2
end_of_record
